#
# There is insufficient memory for the Java Runtime Environment to continue.
# Native memory allocation (mmap) failed to map 1035993088 bytes for G1 virtual space
# Possible reasons:
#   The system is out of physical RAM or swap space
#   The process is running with CompressedOops enabled, and the Java Heap may be blocking the growth of the native heap
# Possible solutions:
#   Reduce memory load on the system
#   Increase physical memory or swap space
#   Check if swap backing store is full
#   Decrease Java heap size (-Xmx/-Xms)
#   Decrease number of Java threads
#   Decrease Java thread stack sizes (-Xss)
#   Set larger code cache with -XX:ReservedCodeCacheSize=
#   JVM is running with Zero Based Compressed Oops mode in which the Java heap is
#     placed in the first 32GB address space. The Java Heap base address is the
#     maximum limit for the native heap growth. Please use -XX:HeapBaseMinAddress
#     to set the Java Heap base and to place the Java Heap above 32GB virtual address.
# This output file may be truncated or incomplete.
#
#  Out of Memory Error (os_windows.cpp:3551), pid=147064, tid=189880
#
# JRE version: Java(TM) SE Runtime Environment (17.0.14+8) (build 17.0.14+8-LTS-191)
# Java VM: Java HotSpot(TM) 64-Bit Server VM (17.0.14+8-LTS-191, mixed mode, sharing, tiered, compressed oops, compressed class ptrs, g1 gc, windows-amd64)
# No core dump will be written. Minidumps are not enabled by default on client versions of Windows
#

---------------  S U M M A R Y ------------

Command Line: -Dforge.enabledGameTestNamespaces=tdogmc_voice -Dforge.logging.console.level=debug -Dforge.logging.markers=REGISTRIES -DignoreList=bootstraplauncher,securejarhandler,asm-commons,asm-util,asm-analysis,asm-tree,asm,JarJarFileSystems,client-extra,fmlcore,javafmllanguage,lowcodelanguage,mclanguage,forge- -Djava.net.preferIPv6Addresses=system -DlegacyClassPath.file=D:\MC\tdogmc_mod\tdogmc_voice\build\classpath\runGameTestServer_minecraftClasspath.txt -DmergeModules=jna-5.10.0.jar,jna-platform-5.10.0.jar --module-path=C:\Users\61530\.gradle\caches\modules-2\files-2.1\cpw.mods\bootstraplauncher\1.1.2\c546e00443d8432cda6baa1c860346980742628\bootstraplauncher-1.1.2.jar;C:\Users\61530\.gradle\caches\modules-2\files-2.1\cpw.mods\securejarhandler\2.1.10\51e6a22c6c716beb11e244bf5b8be480f51dd6b5\securejarhandler-2.1.10.jar;C:\Users\61530\.gradle\caches\modules-2\files-2.1\org.ow2.asm\asm-commons\9.8\36e4d212970388e5bd2c5180292012502df461bb\asm-commons-9.8.jar;C:\Users\61530\.gradle\caches\modules-2\files-2.1\org.ow2.asm\asm-util\9.8\395f1c1f035258511f27bc9b2583d76e4b143f59\asm-util-9.8.jar;C:\Users\61530\.gradle\caches\modules-2\files-2.1\org.ow2.asm\asm-analysis\9.8\b9747a320844b6cb1eacd90d8ecfd260a16c01d3\asm-analysis-9.8.jar;C:\Users\61530\.gradle\caches\modules-2\files-2.1\org.ow2.asm\asm-tree\9.8\18419ca5b77a2f81097c741e7872e6ab8d2f40d\asm-tree-9.8.jar;C:\Users\61530\.gradle\caches\modules-2\files-2.1\org.ow2.asm\asm\9.8\dc19ecb3f7889b7860697215cae99c0f9b6f6b4b\asm-9.8.jar;C:\Users\61530\.gradle\caches\modules-2\files-2.1\net.minecraftforge\JarJarFileSystems\0.3.19\2464eb7d6b9ddb9db36a82cf8a95193e5c6fe020\JarJarFileSystems-0.3.19.jar --add-modules=ALL-MODULE-PATH --add-opens=java.base/java.util.jar=cpw.mods.securejarhandler --add-opens=java.base/java.lang.invoke=cpw.mods.securejarhandler --add-exports=java.base/sun.security.util=cpw.mods.securejarhandler --add-exports=jdk.naming.dns/com.sun.jndi.dns=java.naming -Dfile.encoding=UTF-8 -Duser.country=CN -Duser.language=zh -Duser.variant cpw.mods.bootstraplauncher.BootstrapLauncher --launchTarget forgegametestserveruserdev --gameDir . --fml.forgeVersion 47.4.9 --fml.mcVersion 1.20.1 --fml.forgeGroup net.minecraftforge --fml.mcpVersion 20230612.114412

Host: 13th Gen Intel(R) Core(TM) i7-13700H, 20 cores, 15G,  Windows 11 , 64 bit Build 26100 (10.0.26100.5074)
Time: Sun Oct  5 17:44:32 2025  Windows 11 , 64 bit Build 26100 (10.0.26100.5074) elapsed time: 23.226714 seconds (0d 0h 0m 23s)

---------------  T H R E A D  ---------------

Current thread (0x000002b22afb6830):  VMThread "VM Thread" [stack: 0x000000df41600000,0x000000df41700000] [id=189880]

Stack: [0x000000df41600000,0x000000df41700000]
Native frames: (J=compiled Java code, j=interpreted, Vv=VM code, C=native code)
V  [jvm.dll+0x67a38a]
V  [jvm.dll+0x7da7ed]
V  [jvm.dll+0x7dc133]
V  [jvm.dll+0x7dc7a3]
V  [jvm.dll+0x24517f]
V  [jvm.dll+0x6773b9]
V  [jvm.dll+0x66c062]
V  [jvm.dll+0x302096]
V  [jvm.dll+0x309636]
V  [jvm.dll+0x359f8e]
V  [jvm.dll+0x35a1bf]
V  [jvm.dll+0x2d9168]
V  [jvm.dll+0x2d759d]
V  [jvm.dll+0x2d6bec]
V  [jvm.dll+0x31a74b]
V  [jvm.dll+0x7e109b]
V  [jvm.dll+0x7e1dd4]
V  [jvm.dll+0x7e22ed]
V  [jvm.dll+0x7e26c4]
V  [jvm.dll+0x7e2790]
V  [jvm.dll+0x78b04a]
V  [jvm.dll+0x679275]
C  [ucrtbase.dll+0x37b0]
C  [KERNEL32.DLL+0x2e8d7]
C  [ntdll.dll+0x8d9c]

VM_Operation (0x000000df428fcb60): G1CollectForAllocation, mode: safepoint, requested by thread 0x000002b271da0750


---------------  P R O C E S S  ---------------

Threads class SMR info:
_java_thread_list=0x000002b22bd9d0c0, length=52, elements={
0x000002b22afb8e80, 0x000002b22afb9950, 0x000002b22afd5f90, 0x000002b22afd8870,
0x000002b22afd9140, 0x000002b22afd9a10, 0x000002b22afda6c0, 0x000002b22afdd090,
0x000002b22afecf60, 0x000002b22affe850, 0x000002b22bd82bd0, 0x000002b22bd93750,
0x000002b22bede5b0, 0x000002b27150afb0, 0x000002b273123a70, 0x000002b274539840,
0x000002b27813e440, 0x000002b2766d6ac0, 0x000002b27daa60d0, 0x000002b2766d6fd0,
0x000002b2788c1b00, 0x000002b2766d74e0, 0x000002b2782bd4c0, 0x000002b27453ac80,
0x000002b272634920, 0x000002b27daa4780, 0x000002b272134290, 0x000002b2788c2010,
0x000002b2788c15f0, 0x000002b2735005d0, 0x000002b2766d7f00, 0x000002b27512ab20,
0x000002b272133d80, 0x000002b274539d50, 0x000002b2766d79f0, 0x000002b271bb4c20,
0x000002b278aa3e60, 0x000002b272133870, 0x000002b27453b190, 0x000002b271bb5640,
0x000002b271bb5b50, 0x000002b2766d8410, 0x000002b271da0750, 0x000002b271da0c60,
0x000002b27813ee60, 0x000002b27813d510, 0x000002b278aa2a20, 0x000002b271bb6060,
0x000002b271bb4710, 0x000002b2726285b0, 0x000002b27262d010, 0x000002b278aa3440
}

Java Threads: ( => current thread )
  0x000002b22afb8e80 JavaThread "Reference Handler" daemon [_thread_blocked, id=34100, stack(0x000000df41700000,0x000000df41800000)]
  0x000002b22afb9950 JavaThread "Finalizer" daemon [_thread_blocked, id=191884, stack(0x000000df41800000,0x000000df41900000)]
  0x000002b22afd5f90 JavaThread "Signal Dispatcher" daemon [_thread_blocked, id=194900, stack(0x000000df41900000,0x000000df41a00000)]
  0x000002b22afd8870 JavaThread "Attach Listener" daemon [_thread_blocked, id=186432, stack(0x000000df41a00000,0x000000df41b00000)]
  0x000002b22afd9140 JavaThread "Service Thread" daemon [_thread_blocked, id=158824, stack(0x000000df41b00000,0x000000df41c00000)]
  0x000002b22afd9a10 JavaThread "Monitor Deflation Thread" daemon [_thread_blocked, id=162424, stack(0x000000df41c00000,0x000000df41d00000)]
  0x000002b22afda6c0 JavaThread "C2 CompilerThread0" daemon [_thread_blocked, id=130040, stack(0x000000df41d00000,0x000000df41e00000)]
  0x000002b22afdd090 JavaThread "C1 CompilerThread0" daemon [_thread_blocked, id=138540, stack(0x000000df41e00000,0x000000df41f00000)]
  0x000002b22afecf60 JavaThread "Sweeper thread" daemon [_thread_blocked, id=188488, stack(0x000000df41f00000,0x000000df42000000)]
  0x000002b22affe850 JavaThread "C1 CompilerThread1" daemon [_thread_blocked, id=162608, stack(0x000000df42000000,0x000000df42100000)]
  0x000002b22bd82bd0 JavaThread "Common-Cleaner" daemon [_thread_blocked, id=194936, stack(0x000000df42100000,0x000000df42200000)]
  0x000002b22bd93750 JavaThread "C1 CompilerThread2" daemon [_thread_blocked, id=192348, stack(0x000000df42200000,0x000000df42300000)]
  0x000002b22bede5b0 JavaThread "Notification Thread" daemon [_thread_blocked, id=189600, stack(0x000000df42500000,0x000000df42600000)]
  0x000002b27150afb0 JavaThread "C1 CompilerThread3" daemon [_thread_blocked, id=188504, stack(0x000000df42700000,0x000000df42800000)]
  0x000002b273123a70 JavaThread "JNA Cleaner" daemon [_thread_blocked, id=194048, stack(0x000000df43f00000,0x000000df44000000)]
  0x000002b274539840 JavaThread "Timer hack thread" daemon [_thread_blocked, id=194700, stack(0x000000df42a00000,0x000000df42b00000)]
  0x000002b27813e440 JavaThread "modloading-worker-0" daemon [_thread_blocked, id=163092, stack(0x000000df42b00000,0x000000df42c00000)]
  0x000002b2766d6ac0 JavaThread "modloading-worker-0" daemon [_thread_blocked, id=71292, stack(0x000000df43e00000,0x000000df43f00000)]
  0x000002b27daa60d0 JavaThread "modloading-worker-0" daemon [_thread_blocked, id=187396, stack(0x000000df44300000,0x000000df44400000)]
  0x000002b2766d6fd0 JavaThread "modloading-worker-0" daemon [_thread_blocked, id=27868, stack(0x000000df44400000,0x000000df44500000)]
  0x000002b2788c1b00 JavaThread "modloading-worker-0" daemon [_thread_blocked, id=137760, stack(0x000000df44600000,0x000000df44700000)]
  0x000002b2766d74e0 JavaThread "Yggdrasil Key Fetcher" daemon [_thread_blocked, id=180696, stack(0x000000df45100000,0x000000df45200000)]
  0x000002b2782bd4c0 JavaThread "Keep-Alive-Timer" daemon [_thread_blocked, id=189216, stack(0x000000df44500000,0x000000df44600000)]
  0x000002b27453ac80 JavaThread "Worker-Main-1" daemon [_thread_blocked, id=161088, stack(0x000000df45300000,0x000000df45400000)]
  0x000002b272634920 JavaThread "Worker-Main-2" daemon [_thread_blocked, id=166180, stack(0x000000df45400000,0x000000df45500000)]
  0x000002b27daa4780 JavaThread "Worker-Main-3" daemon [_thread_blocked, id=185184, stack(0x000000df45500000,0x000000df45600000)]
  0x000002b272134290 JavaThread "Worker-Main-4" daemon [_thread_blocked, id=194376, stack(0x000000df45600000,0x000000df45700000)]
  0x000002b2788c2010 JavaThread "Worker-Main-5" daemon [_thread_blocked, id=190756, stack(0x000000df45700000,0x000000df45800000)]
  0x000002b2788c15f0 JavaThread "Worker-Main-6" daemon [_thread_blocked, id=142176, stack(0x000000df45800000,0x000000df45900000)]
  0x000002b2735005d0 JavaThread "Worker-Main-7" daemon [_thread_blocked, id=195400, stack(0x000000df45900000,0x000000df45a00000)]
  0x000002b2766d7f00 JavaThread "Worker-Main-8" daemon [_thread_blocked, id=195136, stack(0x000000df45a00000,0x000000df45b00000)]
  0x000002b27512ab20 JavaThread "Worker-Main-9" daemon [_thread_blocked, id=24344, stack(0x000000df45b00000,0x000000df45c00000)]
  0x000002b272133d80 JavaThread "Worker-Main-10" daemon [_thread_blocked, id=188556, stack(0x000000df45c00000,0x000000df45d00000)]
  0x000002b274539d50 JavaThread "Worker-Main-11" daemon [_thread_blocked, id=190320, stack(0x000000df45d00000,0x000000df45e00000)]
  0x000002b2766d79f0 JavaThread "Worker-Main-12" daemon [_thread_blocked, id=195100, stack(0x000000df45e00000,0x000000df45f00000)]
  0x000002b271bb4c20 JavaThread "Worker-Main-13" daemon [_thread_blocked, id=191580, stack(0x000000df45f00000,0x000000df46000000)]
  0x000002b278aa3e60 JavaThread "Worker-Main-14" daemon [_thread_blocked, id=190932, stack(0x000000df46000000,0x000000df46100000)]
  0x000002b272133870 JavaThread "Worker-Main-15" daemon [_thread_blocked, id=187644, stack(0x000000df46100000,0x000000df46200000)]
  0x000002b27453b190 JavaThread "Worker-Main-16" daemon [_thread_blocked, id=146536, stack(0x000000df46200000,0x000000df46300000)]
  0x000002b271bb5640 JavaThread "Worker-Main-17" daemon [_thread_blocked, id=188588, stack(0x000000df46300000,0x000000df46400000)]
  0x000002b271bb5b50 JavaThread "Worker-Main-18" daemon [_thread_blocked, id=3092, stack(0x000000df46400000,0x000000df46500000)]
  0x000002b2766d8410 JavaThread "Worker-Main-19" daemon [_thread_blocked, id=174620, stack(0x000000df46500000,0x000000df46600000)]
  0x000002b271da0750 JavaThread "Server thread" [_thread_blocked, id=195268, stack(0x000000df42800000,0x000000df42900000)]
  0x000002b271da0c60 JavaThread "DestroyJavaVM" [_thread_blocked, id=187332, stack(0x000000df41000000,0x000000df41100000)]
  0x000002b27813ee60 JavaThread "Thread-1" daemon [_thread_blocked, id=155476, stack(0x000000df42900000,0x000000df42a00000)]
  0x000002b27813d510 JavaThread "FileSystemWatchService" daemon [_thread_in_native, id=195040, stack(0x000000df46600000,0x000000df46700000)]
  0x000002b278aa2a20 JavaThread "IO-Worker-20" [_thread_blocked, id=182728, stack(0x000000df44700000,0x000000df44800000)]
  0x000002b271bb6060 JavaThread "IO-Worker-21" [_thread_blocked, id=189344, stack(0x000000df44900000,0x000000df44a00000)]
  0x000002b271bb4710 JavaThread "IO-Worker-22" [_thread_blocked, id=159624, stack(0x000000df44a00000,0x000000df44b00000)]
  0x000002b2726285b0 JavaThread "C2 CompilerThread1" daemon [_thread_blocked, id=183984, stack(0x000000df42300000,0x000000df42400000)]
  0x000002b27262d010 JavaThread "C2 CompilerThread2" daemon [_thread_in_native, id=192856, stack(0x000000df42400000,0x000000df42500000)]
  0x000002b278aa3440 JavaThread "IO-Worker-23" [_thread_blocked, id=194724, stack(0x000000df46800000,0x000000df46900000)]

Other Threads:
=>0x000002b22afb6830 VMThread "VM Thread" [stack: 0x000000df41600000,0x000000df41700000] [id=189880]
  0x000002b207f91140 WatcherThread [stack: 0x000000df42600000,0x000000df42700000] [id=183988]
  0x000002b207f5f290 GCTaskThread "GC Thread#0" [stack: 0x000000df41100000,0x000000df41200000] [id=189640]
  0x000002b271643880 GCTaskThread "GC Thread#1" [stack: 0x000000df42c00000,0x000000df42d00000] [id=184704]
  0x000002b271643b40 GCTaskThread "GC Thread#2" [stack: 0x000000df42d00000,0x000000df42e00000] [id=194324]
  0x000002b271643e00 GCTaskThread "GC Thread#3" [stack: 0x000000df42e00000,0x000000df42f00000] [id=193400]
  0x000002b2716440c0 GCTaskThread "GC Thread#4" [stack: 0x000000df42f00000,0x000000df43000000] [id=194660]
  0x000002b271644380 GCTaskThread "GC Thread#5" [stack: 0x000000df43000000,0x000000df43100000] [id=183240]
  0x000002b2747a7bb0 GCTaskThread "GC Thread#6" [stack: 0x000000df43100000,0x000000df43200000] [id=194592]
  0x000002b2747a7370 GCTaskThread "GC Thread#7" [stack: 0x000000df43200000,0x000000df43300000] [id=160428]
  0x000002b2747a8970 GCTaskThread "GC Thread#8" [stack: 0x000000df43300000,0x000000df43400000] [id=64608]
  0x000002b2747a78f0 GCTaskThread "GC Thread#9" [stack: 0x000000df43400000,0x000000df43500000] [id=194024]
  0x000002b2747a8c30 GCTaskThread "GC Thread#10" [stack: 0x000000df43500000,0x000000df43600000] [id=30576]
  0x000002b2747a70b0 GCTaskThread "GC Thread#11" [stack: 0x000000df43600000,0x000000df43700000] [id=191708]
  0x000002b2747a7e70 GCTaskThread "GC Thread#12" [stack: 0x000000df43700000,0x000000df43800000] [id=184768]
  0x000002b2747a7630 GCTaskThread "GC Thread#13" [stack: 0x000000df43800000,0x000000df43900000] [id=193764]
  0x000002b2747a8130 GCTaskThread "GC Thread#14" [stack: 0x000000df43900000,0x000000df43a00000] [id=161128]
  0x000002b207f70dd0 ConcurrentGCThread "G1 Main Marker" [stack: 0x000000df41200000,0x000000df41300000] [id=139536]
  0x000002b207f733d0 ConcurrentGCThread "G1 Conc#0" [stack: 0x000000df41300000,0x000000df41400000] [id=69372]
  0x000002b277ea6080 ConcurrentGCThread "G1 Conc#1" [stack: 0x000000df43b00000,0x000000df43c00000] [id=191840]
  0x000002b277ea73c0 ConcurrentGCThread "G1 Conc#2" [stack: 0x000000df43c00000,0x000000df43d00000] [id=167008]
  0x000002b277ea7680 ConcurrentGCThread "G1 Conc#3" [stack: 0x000000df43d00000,0x000000df43e00000] [id=167772]
  0x000002b207f9ea30 ConcurrentGCThread "G1 Refine#0" [stack: 0x000000df41400000,0x000000df41500000] [id=186612]
  0x000002b2735186d0 ConcurrentGCThread "G1 Refine#1" [stack: 0x000000df43a00000,0x000000df43b00000] [id=192948]
  0x000002b274657650 ConcurrentGCThread "G1 Refine#2" [stack: 0x000000df44b00000,0x000000df44c00000] [id=163100]
  0x000002b27999ad60 ConcurrentGCThread "G1 Refine#3" [stack: 0x000000df44c00000,0x000000df44d00000] [id=46680]
  0x000002b27797a8c0 ConcurrentGCThread "G1 Refine#4" [stack: 0x000000df44d00000,0x000000df44e00000] [id=143396]
  0x000002b27999aa70 ConcurrentGCThread "G1 Refine#5" [stack: 0x000000df44e00000,0x000000df44f00000] [id=181392]
  0x000002b274ff92c0 ConcurrentGCThread "G1 Refine#6" [stack: 0x000000df44f00000,0x000000df45000000] [id=142492]
  0x000002b27afb7170 ConcurrentGCThread "G1 Refine#7" [stack: 0x000000df45000000,0x000000df45100000] [id=145664]
  0x000002b27e194290 ConcurrentGCThread "G1 Refine#8" [stack: 0x000000df45200000,0x000000df45300000] [id=34844]
  0x000002b27e6c8150 ConcurrentGCThread "G1 Refine#9" [stack: 0x000000df46700000,0x000000df46800000] [id=194148]
  0x000002b27e6c8440 ConcurrentGCThread "G1 Refine#10" [stack: 0x000000df46900000,0x000000df46a00000] [id=142476]
  0x000002b277a27f80 ConcurrentGCThread "G1 Refine#11" [stack: 0x000000df46a00000,0x000000df46b00000] [id=193336]
  0x000002b22aee9030 ConcurrentGCThread "G1 Service" [stack: 0x000000df41500000,0x000000df41600000] [id=192988]

Threads with active compile tasks:
C2 CompilerThread0    23248 17632       4       net.minecraft.world.level.levelgen.MarsagliaPolarGaussian::reset (6 bytes)
C2 CompilerThread1    23248 18022       4       java.util.concurrent.CompletableFuture::uniApplyStage (54 bytes)
C2 CompilerThread2    23248 18004 %     4       net.minecraft.server.level.ChunkMap::getChunkRangeFuture @ 84 (296 bytes)

VM state: at safepoint (normal execution)

VM Mutex/Monitor currently owned by a thread:  ([mutex/lock_event])
[0x000002b207eef590] Threads_lock - owner thread: 0x000002b22afb6830
[0x000002b207ef0af0] Heap_lock - owner thread: 0x000002b271da0750

Heap address: 0x0000000703200000, size: 4046 MB, Compressed Oops mode: Zero based, Oop shift amount: 3

CDS archive(s) mapped at: [0x000002b22c000000-0x000002b22cbd0000-0x000002b22cbd0000), size 12386304, SharedBaseAddress: 0x000002b22c000000, ArchiveRelocationMode: 1.
Compressed class space mapped at: 0x000002b22d000000-0x000002b26d000000, reserved size: 1073741824
Narrow klass base: 0x000002b22c000000, Narrow klass shift: 0, Narrow klass range: 0x100000000

GC Precious Log:
 CPUs: 20 total, 20 available
 Memory: 16176M
 Large Page Support: Disabled
 NUMA Support: Disabled
 Compressed Oops: Enabled (Zero based)
 Heap Region Size: 2M
 Heap Min Capacity: 8M
 Heap Initial Capacity: 254M
 Heap Max Capacity: 4046M
 Pre-touch: Disabled
 Parallel Workers: 15
 Concurrent Workers: 4
 Concurrent Refinement Workers: 15
 Periodic GC: Disabled

Heap:
 garbage-first heap   total 505856K, used 369524K [0x0000000703200000, 0x0000000800000000)
  region size 2048K, 6 young (12288K), 6 survivors (12288K)
 Metaspace       used 92917K, committed 94592K, reserved 1179648K
  class space    used 13815K, committed 14592K, reserved 1048576K

Heap Regions: E=young(eden), S=young(survivor), O=old, HS=humongous(starts), HC=humongous(continues), CS=collection set, F=free, OA=open archive, CA=closed archive, TAMS=top-at-mark-start (previous, next)
|   0|0x0000000703200000, 0x0000000703400000, 0x0000000703400000|100%|HS|  |TAMS 0x0000000703400000, 0x0000000703400000| Complete 
|   1|0x0000000703400000, 0x0000000703600000, 0x0000000703600000|100%| O|  |TAMS 0x0000000703600000, 0x0000000703600000| Untracked 
|   2|0x0000000703600000, 0x0000000703800000, 0x0000000703800000|100%| O|  |TAMS 0x0000000703800000, 0x0000000703800000| Untracked 
|   3|0x0000000703800000, 0x0000000703a00000, 0x0000000703a00000|100%|HS|  |TAMS 0x0000000703a00000, 0x0000000703a00000| Complete 
|   4|0x0000000703a00000, 0x0000000703c00000, 0x0000000703c00000|100%| O|  |TAMS 0x0000000703c00000, 0x0000000703c00000| Untracked 
|   5|0x0000000703c00000, 0x0000000703e00000, 0x0000000703e00000|100%| O|  |TAMS 0x0000000703e00000, 0x0000000703e00000| Untracked 
|   6|0x0000000703e00000, 0x0000000704000000, 0x0000000704000000|100%|HS|  |TAMS 0x0000000704000000, 0x0000000704000000| Complete 
|   7|0x0000000704000000, 0x0000000704200000, 0x0000000704200000|100%|HS|  |TAMS 0x0000000704200000, 0x0000000704200000| Complete 
|   8|0x0000000704200000, 0x0000000704400000, 0x0000000704400000|100%| O|  |TAMS 0x0000000704400000, 0x0000000704400000| Untracked 
|   9|0x0000000704400000, 0x0000000704600000, 0x0000000704600000|100%| O|  |TAMS 0x0000000704600000, 0x0000000704600000| Untracked 
|  10|0x0000000704600000, 0x0000000704800000, 0x0000000704800000|100%| O|  |TAMS 0x0000000704800000, 0x0000000704800000| Untracked 
|  11|0x0000000704800000, 0x0000000704a00000, 0x0000000704a00000|100%|HS|  |TAMS 0x0000000704a00000, 0x0000000704a00000| Complete 
|  12|0x0000000704a00000, 0x0000000704c00000, 0x0000000704c00000|100%| O|  |TAMS 0x0000000704c00000, 0x0000000704c00000| Untracked 
|  13|0x0000000704c00000, 0x0000000704e00000, 0x0000000704e00000|100%| O|  |TAMS 0x0000000704e00000, 0x0000000704e00000| Untracked 
|  14|0x0000000704e00000, 0x0000000705000000, 0x0000000705000000|100%| O|  |TAMS 0x0000000705000000, 0x0000000705000000| Untracked 
|  15|0x0000000705000000, 0x0000000705200000, 0x0000000705200000|100%| O|  |TAMS 0x0000000705200000, 0x0000000705200000| Untracked 
|  16|0x0000000705200000, 0x0000000705400000, 0x0000000705400000|100%| O|  |TAMS 0x0000000705400000, 0x0000000705400000| Untracked 
|  17|0x0000000705400000, 0x0000000705600000, 0x0000000705600000|100%| O|  |TAMS 0x0000000705600000, 0x0000000705600000| Untracked 
|  18|0x0000000705600000, 0x0000000705800000, 0x0000000705800000|100%| O|  |TAMS 0x0000000705800000, 0x0000000705800000| Untracked 
|  19|0x0000000705800000, 0x0000000705a00000, 0x0000000705a00000|100%| O|  |TAMS 0x0000000705a00000, 0x0000000705a00000| Untracked 
|  20|0x0000000705a00000, 0x0000000705c00000, 0x0000000705c00000|100%| O|  |TAMS 0x0000000705c00000, 0x0000000705c00000| Untracked 
|  21|0x0000000705c00000, 0x0000000705e00000, 0x0000000705e00000|100%| O|  |TAMS 0x0000000705c00000, 0x0000000705e00000| Untracked 
|  22|0x0000000705e00000, 0x0000000706000000, 0x0000000706000000|100%| O|  |TAMS 0x0000000706000000, 0x0000000706000000| Untracked 
|  23|0x0000000706000000, 0x0000000706200000, 0x0000000706200000|100%| O|  |TAMS 0x0000000706200000, 0x0000000706200000| Untracked 
|  24|0x0000000706200000, 0x0000000706400000, 0x0000000706400000|100%| O|  |TAMS 0x0000000706400000, 0x0000000706400000| Untracked 
|  25|0x0000000706400000, 0x0000000706600000, 0x0000000706600000|100%| O|  |TAMS 0x0000000706600000, 0x0000000706600000| Untracked 
|  26|0x0000000706600000, 0x0000000706800000, 0x0000000706800000|100%| O|  |TAMS 0x0000000706800000, 0x0000000706800000| Untracked 
|  27|0x0000000706800000, 0x0000000706a00000, 0x0000000706a00000|100%| O|  |TAMS 0x0000000706a00000, 0x0000000706a00000| Untracked 
|  28|0x0000000706a00000, 0x0000000706c00000, 0x0000000706c00000|100%| O|  |TAMS 0x0000000706c00000, 0x0000000706c00000| Untracked 
|  29|0x0000000706c00000, 0x0000000706e00000, 0x0000000706e00000|100%| O|  |TAMS 0x0000000706e00000, 0x0000000706e00000| Untracked 
|  30|0x0000000706e00000, 0x0000000707000000, 0x0000000707000000|100%| O|  |TAMS 0x0000000707000000, 0x0000000707000000| Untracked 
|  31|0x0000000707000000, 0x0000000707200000, 0x0000000707200000|100%| O|  |TAMS 0x0000000707200000, 0x0000000707200000| Untracked 
|  32|0x0000000707200000, 0x0000000707400000, 0x0000000707400000|100%| O|  |TAMS 0x0000000707400000, 0x0000000707400000| Untracked 
|  33|0x0000000707400000, 0x0000000707600000, 0x0000000707600000|100%| O|  |TAMS 0x0000000707600000, 0x0000000707600000| Untracked 
|  34|0x0000000707600000, 0x0000000707800000, 0x0000000707800000|100%| O|  |TAMS 0x0000000707800000, 0x0000000707800000| Untracked 
|  35|0x0000000707800000, 0x0000000707a00000, 0x0000000707a00000|100%| O|  |TAMS 0x0000000707a00000, 0x0000000707a00000| Untracked 
|  36|0x0000000707a00000, 0x0000000707c00000, 0x0000000707c00000|100%| O|  |TAMS 0x0000000707c00000, 0x0000000707c00000| Untracked 
|  37|0x0000000707c00000, 0x0000000707e00000, 0x0000000707e00000|100%|HS|  |TAMS 0x0000000707e00000, 0x0000000707e00000| Complete 
|  38|0x0000000707e00000, 0x0000000708000000, 0x0000000708000000|100%|HC|  |TAMS 0x0000000708000000, 0x0000000708000000| Complete 
|  39|0x0000000708000000, 0x0000000708200000, 0x0000000708200000|100%|HC|  |TAMS 0x0000000708200000, 0x0000000708200000| Complete 
|  40|0x0000000708200000, 0x0000000708400000, 0x0000000708400000|100%|HC|  |TAMS 0x0000000708400000, 0x0000000708400000| Complete 
|  41|0x0000000708400000, 0x0000000708600000, 0x0000000708600000|100%|HC|  |TAMS 0x0000000708600000, 0x0000000708600000| Complete 
|  42|0x0000000708600000, 0x0000000708800000, 0x0000000708800000|100%|HC|  |TAMS 0x0000000708800000, 0x0000000708800000| Complete 
|  43|0x0000000708800000, 0x0000000708a00000, 0x0000000708a00000|100%| O|  |TAMS 0x0000000708a00000, 0x0000000708a00000| Untracked 
|  44|0x0000000708a00000, 0x0000000708c00000, 0x0000000708c00000|100%| O|  |TAMS 0x0000000708c00000, 0x0000000708c00000| Untracked 
|  45|0x0000000708c00000, 0x0000000708e00000, 0x0000000708e00000|100%| O|  |TAMS 0x0000000708e00000, 0x0000000708e00000| Untracked 
|  46|0x0000000708e00000, 0x0000000709000000, 0x0000000709000000|100%| O|  |TAMS 0x0000000709000000, 0x0000000709000000| Untracked 
|  47|0x0000000709000000, 0x0000000709200000, 0x0000000709200000|100%| O|  |TAMS 0x0000000709200000, 0x0000000709200000| Untracked 
|  48|0x0000000709200000, 0x0000000709400000, 0x0000000709400000|100%| O|  |TAMS 0x0000000709400000, 0x0000000709400000| Untracked 
|  49|0x0000000709400000, 0x0000000709600000, 0x0000000709600000|100%| O|  |TAMS 0x0000000709600000, 0x0000000709600000| Untracked 
|  50|0x0000000709600000, 0x0000000709800000, 0x0000000709800000|100%| O|  |TAMS 0x0000000709800000, 0x0000000709800000| Untracked 
|  51|0x0000000709800000, 0x0000000709a00000, 0x0000000709a00000|100%| O|  |TAMS 0x0000000709a00000, 0x0000000709a00000| Untracked 
|  52|0x0000000709a00000, 0x0000000709c00000, 0x0000000709c00000|100%| O|  |TAMS 0x0000000709c00000, 0x0000000709c00000| Untracked 
|  53|0x0000000709c00000, 0x0000000709e00000, 0x0000000709e00000|100%| O|  |TAMS 0x0000000709e00000, 0x0000000709e00000| Untracked 
|  54|0x0000000709e00000, 0x000000070a000000, 0x000000070a000000|100%| O|  |TAMS 0x000000070a000000, 0x000000070a000000| Untracked 
|  55|0x000000070a000000, 0x000000070a200000, 0x000000070a200000|100%| O|  |TAMS 0x000000070a200000, 0x000000070a200000| Untracked 
|  56|0x000000070a200000, 0x000000070a400000, 0x000000070a400000|100%| O|  |TAMS 0x000000070a400000, 0x000000070a400000| Untracked 
|  57|0x000000070a400000, 0x000000070a600000, 0x000000070a600000|100%| O|  |TAMS 0x000000070a600000, 0x000000070a600000| Untracked 
|  58|0x000000070a600000, 0x000000070a800000, 0x000000070a800000|100%| O|  |TAMS 0x000000070a800000, 0x000000070a800000| Untracked 
|  59|0x000000070a800000, 0x000000070aa00000, 0x000000070aa00000|100%| O|  |TAMS 0x000000070aa00000, 0x000000070aa00000| Untracked 
|  60|0x000000070aa00000, 0x000000070ac00000, 0x000000070ac00000|100%| O|  |TAMS 0x000000070ac00000, 0x000000070ac00000| Untracked 
|  61|0x000000070ac00000, 0x000000070ae00000, 0x000000070ae00000|100%| O|  |TAMS 0x000000070ae00000, 0x000000070ae00000| Untracked 
|  62|0x000000070ae00000, 0x000000070b000000, 0x000000070b000000|100%| O|  |TAMS 0x000000070b000000, 0x000000070b000000| Untracked 
|  63|0x000000070b000000, 0x000000070b200000, 0x000000070b200000|100%| O|  |TAMS 0x000000070b200000, 0x000000070b200000| Untracked 
|  64|0x000000070b200000, 0x000000070b400000, 0x000000070b400000|100%| O|  |TAMS 0x000000070b400000, 0x000000070b400000| Untracked 
|  65|0x000000070b400000, 0x000000070b600000, 0x000000070b600000|100%| O|  |TAMS 0x000000070b600000, 0x000000070b600000| Untracked 
|  66|0x000000070b600000, 0x000000070b800000, 0x000000070b800000|100%| O|  |TAMS 0x000000070b800000, 0x000000070b800000| Untracked 
|  67|0x000000070b800000, 0x000000070ba00000, 0x000000070ba00000|100%| O|  |TAMS 0x000000070ba00000, 0x000000070ba00000| Untracked 
|  68|0x000000070ba00000, 0x000000070bc00000, 0x000000070bc00000|100%| O|  |TAMS 0x000000070bc00000, 0x000000070bc00000| Untracked 
|  69|0x000000070bc00000, 0x000000070be00000, 0x000000070be00000|100%| O|  |TAMS 0x000000070be00000, 0x000000070be00000| Untracked 
|  70|0x000000070be00000, 0x000000070c000000, 0x000000070c000000|100%| O|  |TAMS 0x000000070c000000, 0x000000070c000000| Untracked 
|  71|0x000000070c000000, 0x000000070c200000, 0x000000070c200000|100%| O|  |TAMS 0x000000070c200000, 0x000000070c200000| Untracked 
|  72|0x000000070c200000, 0x000000070c400000, 0x000000070c400000|100%| O|  |TAMS 0x000000070c400000, 0x000000070c400000| Untracked 
|  73|0x000000070c400000, 0x000000070c600000, 0x000000070c600000|100%| O|  |TAMS 0x000000070c600000, 0x000000070c600000| Untracked 
|  74|0x000000070c600000, 0x000000070c800000, 0x000000070c800000|100%| O|  |TAMS 0x000000070c800000, 0x000000070c800000| Untracked 
|  75|0x000000070c800000, 0x000000070ca00000, 0x000000070ca00000|100%| O|  |TAMS 0x000000070ca00000, 0x000000070ca00000| Untracked 
|  76|0x000000070ca00000, 0x000000070cc00000, 0x000000070cc00000|100%| O|  |TAMS 0x000000070cc00000, 0x000000070cc00000| Untracked 
|  77|0x000000070cc00000, 0x000000070ce00000, 0x000000070ce00000|100%| O|  |TAMS 0x000000070ce00000, 0x000000070ce00000| Untracked 
|  78|0x000000070ce00000, 0x000000070d000000, 0x000000070d000000|100%| O|  |TAMS 0x000000070ce00000, 0x000000070d000000| Untracked 
|  79|0x000000070d000000, 0x000000070d200000, 0x000000070d200000|100%| O|  |TAMS 0x000000070d200000, 0x000000070d200000| Untracked 
|  80|0x000000070d200000, 0x000000070d400000, 0x000000070d400000|100%| O|  |TAMS 0x000000070d400000, 0x000000070d400000| Untracked 
|  81|0x000000070d400000, 0x000000070d600000, 0x000000070d600000|100%| O|  |TAMS 0x000000070d600000, 0x000000070d600000| Untracked 
|  82|0x000000070d600000, 0x000000070d800000, 0x000000070d800000|100%| O|  |TAMS 0x000000070d800000, 0x000000070d800000| Untracked 
|  83|0x000000070d800000, 0x000000070da00000, 0x000000070da00000|100%| O|  |TAMS 0x000000070da00000, 0x000000070da00000| Untracked 
|  84|0x000000070da00000, 0x000000070dc00000, 0x000000070dc00000|100%| O|  |TAMS 0x000000070dc00000, 0x000000070dc00000| Untracked 
|  85|0x000000070dc00000, 0x000000070de00000, 0x000000070de00000|100%| O|  |TAMS 0x000000070de00000, 0x000000070de00000| Untracked 
|  86|0x000000070de00000, 0x000000070e000000, 0x000000070e000000|100%| O|  |TAMS 0x000000070e000000, 0x000000070e000000| Untracked 
|  87|0x000000070e000000, 0x000000070e200000, 0x000000070e200000|100%| O|  |TAMS 0x000000070e200000, 0x000000070e200000| Untracked 
|  88|0x000000070e200000, 0x000000070e400000, 0x000000070e400000|100%| O|  |TAMS 0x000000070e400000, 0x000000070e400000| Untracked 
|  89|0x000000070e400000, 0x000000070e600000, 0x000000070e600000|100%| O|  |TAMS 0x000000070e600000, 0x000000070e600000| Untracked 
|  90|0x000000070e600000, 0x000000070e800000, 0x000000070e800000|100%| O|  |TAMS 0x000000070e800000, 0x000000070e800000| Untracked 
|  91|0x000000070e800000, 0x000000070ea00000, 0x000000070ea00000|100%| O|  |TAMS 0x000000070ea00000, 0x000000070ea00000| Untracked 
|  92|0x000000070ea00000, 0x000000070ec00000, 0x000000070ec00000|100%| O|  |TAMS 0x000000070ec00000, 0x000000070ec00000| Untracked 
|  93|0x000000070ec00000, 0x000000070ee00000, 0x000000070ee00000|100%| O|  |TAMS 0x000000070ee00000, 0x000000070ee00000| Untracked 
|  94|0x000000070ee00000, 0x000000070f000000, 0x000000070f000000|100%| O|  |TAMS 0x000000070ef6f400, 0x000000070f000000| Untracked 
|  95|0x000000070f000000, 0x000000070f200000, 0x000000070f200000|100%| O|  |TAMS 0x000000070f000000, 0x000000070f200000| Untracked 
|  96|0x000000070f200000, 0x000000070f400000, 0x000000070f400000|100%| O|  |TAMS 0x000000070f200000, 0x000000070f400000| Untracked 
|  97|0x000000070f400000, 0x000000070f600000, 0x000000070f600000|100%| O|  |TAMS 0x000000070f400000, 0x000000070f600000| Untracked 
|  98|0x000000070f600000, 0x000000070f800000, 0x000000070f800000|100%| O|  |TAMS 0x000000070f600000, 0x000000070f800000| Untracked 
|  99|0x000000070f800000, 0x000000070fa00000, 0x000000070fa00000|100%| O|  |TAMS 0x000000070f800000, 0x000000070fa00000| Untracked 
| 100|0x000000070fa00000, 0x000000070fc00000, 0x000000070fc00000|100%| O|  |TAMS 0x000000070fa00000, 0x000000070fc00000| Untracked 
| 101|0x000000070fc00000, 0x000000070fe00000, 0x000000070fe00000|100%| O|  |TAMS 0x000000070fc00000, 0x000000070fe00000| Untracked 
| 102|0x000000070fe00000, 0x0000000710000000, 0x0000000710000000|100%| O|  |TAMS 0x000000070fe00000, 0x0000000710000000| Untracked 
| 103|0x0000000710000000, 0x0000000710200000, 0x0000000710200000|100%| O|  |TAMS 0x0000000710000000, 0x0000000710200000| Untracked 
| 104|0x0000000710200000, 0x0000000710400000, 0x0000000710400000|100%| O|  |TAMS 0x0000000710200000, 0x0000000710400000| Untracked 
| 105|0x0000000710400000, 0x0000000710600000, 0x0000000710600000|100%| O|  |TAMS 0x0000000710400000, 0x0000000710600000| Untracked 
| 106|0x0000000710600000, 0x0000000710800000, 0x0000000710800000|100%| O|  |TAMS 0x0000000710600000, 0x0000000710800000| Untracked 
| 107|0x0000000710800000, 0x0000000710a00000, 0x0000000710a00000|100%| O|  |TAMS 0x0000000710800000, 0x0000000710a00000| Untracked 
| 108|0x0000000710a00000, 0x0000000710c00000, 0x0000000710c00000|100%| O|  |TAMS 0x0000000710a00000, 0x0000000710c00000| Untracked 
| 109|0x0000000710c00000, 0x0000000710e00000, 0x0000000710e00000|100%| O|  |TAMS 0x0000000710c00000, 0x0000000710e00000| Untracked 
| 110|0x0000000710e00000, 0x0000000711000000, 0x0000000711000000|100%| O|  |TAMS 0x0000000710e00000, 0x0000000711000000| Untracked 
| 111|0x0000000711000000, 0x0000000711200000, 0x0000000711200000|100%| O|  |TAMS 0x0000000711000000, 0x0000000711200000| Untracked 
| 112|0x0000000711200000, 0x0000000711400000, 0x0000000711400000|100%| O|  |TAMS 0x0000000711200000, 0x0000000711400000| Untracked 
| 113|0x0000000711400000, 0x0000000711600000, 0x0000000711600000|100%| O|  |TAMS 0x0000000711400000, 0x0000000711600000| Untracked 
| 114|0x0000000711600000, 0x0000000711800000, 0x0000000711800000|100%| O|  |TAMS 0x0000000711600000, 0x0000000711800000| Untracked 
| 115|0x0000000711800000, 0x0000000711a00000, 0x0000000711a00000|100%| O|  |TAMS 0x0000000711800000, 0x0000000711a00000| Untracked 
| 116|0x0000000711a00000, 0x0000000711c00000, 0x0000000711c00000|100%| O|  |TAMS 0x0000000711a00000, 0x0000000711c00000| Untracked 
| 117|0x0000000711c00000, 0x0000000711e00000, 0x0000000711e00000|100%| O|  |TAMS 0x0000000711c00000, 0x0000000711e00000| Untracked 
| 118|0x0000000711e00000, 0x0000000712000000, 0x0000000712000000|100%| O|  |TAMS 0x0000000711e00000, 0x0000000712000000| Untracked 
| 119|0x0000000712000000, 0x0000000712200000, 0x0000000712200000|100%| O|  |TAMS 0x0000000712000000, 0x0000000712200000| Untracked 
| 120|0x0000000712200000, 0x0000000712400000, 0x0000000712400000|100%| O|  |TAMS 0x0000000712200000, 0x0000000712400000| Untracked 
| 121|0x0000000712400000, 0x0000000712600000, 0x0000000712600000|100%| O|  |TAMS 0x0000000712400000, 0x0000000712600000| Untracked 
| 122|0x0000000712600000, 0x0000000712800000, 0x0000000712800000|100%| O|  |TAMS 0x0000000712600000, 0x0000000712800000| Untracked 
| 123|0x0000000712800000, 0x0000000712a00000, 0x0000000712a00000|100%| O|  |TAMS 0x0000000712800000, 0x0000000712a00000| Untracked 
| 124|0x0000000712a00000, 0x0000000712c00000, 0x0000000712c00000|100%| O|  |TAMS 0x0000000712a00000, 0x0000000712c00000| Untracked 
| 125|0x0000000712c00000, 0x0000000712e00000, 0x0000000712e00000|100%| O|  |TAMS 0x0000000712c00000, 0x0000000712e00000| Untracked 
| 126|0x0000000712e00000, 0x0000000713000000, 0x0000000713000000|100%| O|  |TAMS 0x0000000712e00000, 0x0000000713000000| Untracked 
| 127|0x0000000713000000, 0x0000000713200000, 0x0000000713200000|100%| O|  |TAMS 0x0000000713000000, 0x0000000713200000| Untracked 
| 128|0x0000000713200000, 0x0000000713400000, 0x0000000713400000|100%| O|  |TAMS 0x0000000713200000, 0x0000000713400000| Untracked 
| 129|0x0000000713400000, 0x0000000713600000, 0x0000000713600000|100%| O|  |TAMS 0x0000000713400000, 0x0000000713600000| Untracked 
| 130|0x0000000713600000, 0x0000000713800000, 0x0000000713800000|100%| O|  |TAMS 0x0000000713600000, 0x0000000713800000| Untracked 
| 131|0x0000000713800000, 0x0000000713a00000, 0x0000000713a00000|100%| O|  |TAMS 0x0000000713800000, 0x0000000713a00000| Untracked 
| 132|0x0000000713a00000, 0x0000000713c00000, 0x0000000713c00000|100%| O|  |TAMS 0x0000000713a00000, 0x0000000713c00000| Untracked 
| 133|0x0000000713c00000, 0x0000000713e00000, 0x0000000713e00000|100%| O|  |TAMS 0x0000000713c00000, 0x0000000713e00000| Untracked 
| 134|0x0000000713e00000, 0x0000000714000000, 0x0000000714000000|100%| O|  |TAMS 0x0000000713e00000, 0x0000000714000000| Untracked 
| 135|0x0000000714000000, 0x0000000714200000, 0x0000000714200000|100%| O|  |TAMS 0x0000000714000000, 0x0000000714200000| Untracked 
| 136|0x0000000714200000, 0x0000000714400000, 0x0000000714400000|100%| O|  |TAMS 0x0000000714200000, 0x0000000714400000| Untracked 
| 137|0x0000000714400000, 0x0000000714600000, 0x0000000714600000|100%| O|  |TAMS 0x0000000714400000, 0x0000000714600000| Untracked 
| 138|0x0000000714600000, 0x0000000714800000, 0x0000000714800000|100%| O|  |TAMS 0x0000000714600000, 0x0000000714800000| Untracked 
| 139|0x0000000714800000, 0x0000000714a00000, 0x0000000714a00000|100%| O|  |TAMS 0x0000000714800000, 0x0000000714a00000| Untracked 
| 140|0x0000000714a00000, 0x0000000714c00000, 0x0000000714c00000|100%| O|  |TAMS 0x0000000714a00000, 0x0000000714c00000| Untracked 
| 141|0x0000000714c00000, 0x0000000714e00000, 0x0000000714e00000|100%| O|  |TAMS 0x0000000714c00000, 0x0000000714e00000| Untracked 
| 142|0x0000000714e00000, 0x0000000715000000, 0x0000000715000000|100%| O|  |TAMS 0x0000000714e00000, 0x0000000715000000| Untracked 
| 143|0x0000000715000000, 0x0000000715200000, 0x0000000715200000|100%| O|  |TAMS 0x0000000715000000, 0x0000000715000000| Untracked 
| 144|0x0000000715200000, 0x0000000715400000, 0x0000000715400000|100%| O|  |TAMS 0x0000000715200000, 0x0000000715200000| Untracked 
| 145|0x0000000715400000, 0x0000000715600000, 0x0000000715600000|100%| O|  |TAMS 0x0000000715400000, 0x0000000715400000| Untracked 
| 146|0x0000000715600000, 0x0000000715800000, 0x0000000715800000|100%| O|  |TAMS 0x0000000715600000, 0x0000000715600000| Untracked 
| 147|0x0000000715800000, 0x0000000715a00000, 0x0000000715a00000|100%| O|  |TAMS 0x0000000715800000, 0x0000000715800000| Untracked 
| 148|0x0000000715a00000, 0x0000000715c00000, 0x0000000715c00000|100%| O|  |TAMS 0x0000000715a00000, 0x0000000715a00000| Untracked 
| 149|0x0000000715c00000, 0x0000000715e00000, 0x0000000715e00000|100%| O|  |TAMS 0x0000000715c00000, 0x0000000715c00000| Untracked 
| 150|0x0000000715e00000, 0x0000000716000000, 0x0000000716000000|100%| O|  |TAMS 0x0000000715e00000, 0x0000000716000000| Untracked 
| 151|0x0000000716000000, 0x0000000716200000, 0x0000000716200000|100%| O|  |TAMS 0x0000000716000000, 0x0000000716200000| Untracked 
| 152|0x0000000716200000, 0x0000000716400000, 0x0000000716400000|100%| O|  |TAMS 0x0000000716200000, 0x0000000716400000| Untracked 
| 153|0x0000000716400000, 0x0000000716600000, 0x0000000716600000|100%| O|  |TAMS 0x0000000716400000, 0x0000000716400000| Untracked 
| 154|0x0000000716600000, 0x0000000716800000, 0x0000000716800000|100%| O|  |TAMS 0x0000000716600000, 0x0000000716600000| Untracked 
| 155|0x0000000716800000, 0x0000000716a00000, 0x0000000716a00000|100%| O|  |TAMS 0x0000000716800000, 0x0000000716800000| Untracked 
| 156|0x0000000716a00000, 0x0000000716c00000, 0x0000000716c00000|100%| O|  |TAMS 0x0000000716a00000, 0x0000000716a00000| Untracked 
| 157|0x0000000716c00000, 0x0000000716e00000, 0x0000000716e00000|100%| O|  |TAMS 0x0000000716c00000, 0x0000000716c00000| Untracked 
| 158|0x0000000716e00000, 0x0000000717000000, 0x0000000717000000|100%| O|  |TAMS 0x0000000716e00000, 0x0000000717000000| Untracked 
| 159|0x0000000717000000, 0x0000000717200000, 0x0000000717200000|100%| O|  |TAMS 0x0000000717000000, 0x0000000717200000| Untracked 
| 160|0x0000000717200000, 0x0000000717400000, 0x0000000717400000|100%| O|  |TAMS 0x0000000717200000, 0x0000000717400000| Untracked 
| 161|0x0000000717400000, 0x0000000717600000, 0x0000000717600000|100%| O|  |TAMS 0x0000000717400000, 0x0000000717600000| Untracked 
| 162|0x0000000717600000, 0x0000000717800000, 0x0000000717800000|100%| O|  |TAMS 0x0000000717600000, 0x0000000717800000| Untracked 
| 163|0x0000000717800000, 0x0000000717a00000, 0x0000000717a00000|100%| O|  |TAMS 0x0000000717800000, 0x0000000717968600| Untracked 
| 164|0x0000000717a00000, 0x0000000717c00000, 0x0000000717c00000|100%| O|  |TAMS 0x0000000717a00000, 0x0000000717a00000| Untracked 
| 165|0x0000000717c00000, 0x0000000717e00000, 0x0000000717e00000|100%| O|  |TAMS 0x0000000717c00000, 0x0000000717c00000| Untracked 
| 166|0x0000000717e00000, 0x0000000718000000, 0x0000000718000000|100%| O|  |TAMS 0x0000000717e00000, 0x0000000717e00000| Untracked 
| 167|0x0000000718000000, 0x0000000718000000, 0x0000000718200000|  0%| F|  |TAMS 0x0000000718000000, 0x0000000718000000| Untracked 
| 168|0x0000000718200000, 0x0000000718200000, 0x0000000718400000|  0%| F|  |TAMS 0x0000000718200000, 0x0000000718200000| Untracked 
| 169|0x0000000718400000, 0x0000000718400000, 0x0000000718600000|  0%| F|  |TAMS 0x0000000718400000, 0x0000000718400000| Untracked 
| 170|0x0000000718600000, 0x0000000718600000, 0x0000000718800000|  0%| F|  |TAMS 0x0000000718600000, 0x0000000718600000| Untracked 
| 171|0x0000000718800000, 0x0000000718800000, 0x0000000718a00000|  0%| F|  |TAMS 0x0000000718800000, 0x0000000718800000| Untracked 
| 172|0x0000000718a00000, 0x0000000718a00000, 0x0000000718c00000|  0%| F|  |TAMS 0x0000000718a00000, 0x0000000718a00000| Untracked 
| 173|0x0000000718c00000, 0x0000000718c00000, 0x0000000718e00000|  0%| F|  |TAMS 0x0000000718c00000, 0x0000000718c00000| Untracked 
| 174|0x0000000718e00000, 0x0000000718e00000, 0x0000000719000000|  0%| F|  |TAMS 0x0000000718e00000, 0x0000000718e00000| Untracked 
| 175|0x0000000719000000, 0x0000000719000000, 0x0000000719200000|  0%| F|  |TAMS 0x0000000719000000, 0x0000000719000000| Untracked 
| 176|0x0000000719200000, 0x0000000719200000, 0x0000000719400000|  0%| F|  |TAMS 0x0000000719200000, 0x0000000719200000| Untracked 
| 177|0x0000000719400000, 0x0000000719400000, 0x0000000719600000|  0%| F|  |TAMS 0x0000000719400000, 0x0000000719400000| Untracked 
| 178|0x0000000719600000, 0x0000000719800000, 0x0000000719800000|100%| O|  |TAMS 0x0000000719600000, 0x0000000719600000| Untracked 
| 179|0x0000000719800000, 0x0000000719a00000, 0x0000000719a00000|100%| O|  |TAMS 0x0000000719800000, 0x0000000719800000| Untracked 
| 180|0x0000000719a00000, 0x0000000719c00000, 0x0000000719c00000|100%| O|  |TAMS 0x0000000719a00000, 0x0000000719a00000| Untracked 
| 181|0x0000000719c00000, 0x0000000719e00000, 0x0000000719e00000|100%| O|  |TAMS 0x0000000719c00000, 0x0000000719c00000| Untracked 
| 182|0x0000000719e00000, 0x000000071a000000, 0x000000071a000000|100%| O|  |TAMS 0x0000000719e00000, 0x0000000719e00000| Untracked 
| 183|0x000000071a000000, 0x000000071a200000, 0x000000071a200000|100%| O|  |TAMS 0x000000071a000000, 0x000000071a000000| Untracked 
| 184|0x000000071a200000, 0x000000071a400000, 0x000000071a400000|100%| O|  |TAMS 0x000000071a200000, 0x000000071a200000| Untracked 
| 185|0x000000071a400000, 0x000000071a4dd000, 0x000000071a600000| 43%| O|  |TAMS 0x000000071a400000, 0x000000071a400000| Untracked 
| 186|0x000000071a600000, 0x000000071a600000, 0x000000071a800000|  0%| F|  |TAMS 0x000000071a600000, 0x000000071a600000| Untracked 
| 187|0x000000071a800000, 0x000000071a800000, 0x000000071aa00000|  0%| F|  |TAMS 0x000000071a800000, 0x000000071a800000| Untracked 
| 188|0x000000071aa00000, 0x000000071aa00000, 0x000000071ac00000|  0%| F|  |TAMS 0x000000071aa00000, 0x000000071aa00000| Untracked 
| 189|0x000000071ac00000, 0x000000071ac00000, 0x000000071ae00000|  0%| F|  |TAMS 0x000000071ac00000, 0x000000071ac00000| Untracked 
| 190|0x000000071ae00000, 0x000000071ae00000, 0x000000071b000000|  0%| F|  |TAMS 0x000000071ae00000, 0x000000071ae00000| Untracked 
| 191|0x000000071b000000, 0x000000071b000000, 0x000000071b200000|  0%| F|  |TAMS 0x000000071b000000, 0x000000071b000000| Untracked 
| 192|0x000000071b200000, 0x000000071b200000, 0x000000071b400000|  0%| F|  |TAMS 0x000000071b200000, 0x000000071b200000| Untracked 
| 193|0x000000071b400000, 0x000000071b400000, 0x000000071b600000|  0%| F|  |TAMS 0x000000071b400000, 0x000000071b400000| Untracked 
| 194|0x000000071b600000, 0x000000071b600000, 0x000000071b800000|  0%| F|  |TAMS 0x000000071b600000, 0x000000071b600000| Untracked 
| 195|0x000000071b800000, 0x000000071b800000, 0x000000071ba00000|  0%| F|  |TAMS 0x000000071b800000, 0x000000071b800000| Untracked 
| 196|0x000000071ba00000, 0x000000071ba00000, 0x000000071bc00000|  0%| F|  |TAMS 0x000000071ba00000, 0x000000071ba00000| Untracked 
| 197|0x000000071bc00000, 0x000000071bc00000, 0x000000071be00000|  0%| F|  |TAMS 0x000000071bc00000, 0x000000071bc00000| Untracked 
| 198|0x000000071be00000, 0x000000071be00000, 0x000000071c000000|  0%| F|  |TAMS 0x000000071be00000, 0x000000071be00000| Untracked 
| 199|0x000000071c000000, 0x000000071c000000, 0x000000071c200000|  0%| F|  |TAMS 0x000000071c000000, 0x000000071c000000| Untracked 
| 200|0x000000071c200000, 0x000000071c200000, 0x000000071c400000|  0%| F|  |TAMS 0x000000071c200000, 0x000000071c200000| Untracked 
| 201|0x000000071c400000, 0x000000071c400000, 0x000000071c600000|  0%| F|  |TAMS 0x000000071c400000, 0x000000071c400000| Untracked 
| 202|0x000000071c600000, 0x000000071c600000, 0x000000071c800000|  0%| F|  |TAMS 0x000000071c600000, 0x000000071c600000| Untracked 
| 203|0x000000071c800000, 0x000000071c800000, 0x000000071ca00000|  0%| F|  |TAMS 0x000000071c800000, 0x000000071c800000| Untracked 
| 204|0x000000071ca00000, 0x000000071ca00000, 0x000000071cc00000|  0%| F|  |TAMS 0x000000071ca00000, 0x000000071ca00000| Untracked 
| 205|0x000000071cc00000, 0x000000071cc00000, 0x000000071ce00000|  0%| F|  |TAMS 0x000000071cc00000, 0x000000071cc00000| Untracked 
| 206|0x000000071ce00000, 0x000000071ce00000, 0x000000071d000000|  0%| F|  |TAMS 0x000000071ce00000, 0x000000071ce00000| Untracked 
| 207|0x000000071d000000, 0x000000071d000000, 0x000000071d200000|  0%| F|  |TAMS 0x000000071d000000, 0x000000071d000000| Untracked 
| 208|0x000000071d200000, 0x000000071d200000, 0x000000071d400000|  0%| F|  |TAMS 0x000000071d200000, 0x000000071d200000| Untracked 
| 209|0x000000071d400000, 0x000000071d600000, 0x000000071d600000|100%| S|CS|TAMS 0x000000071d400000, 0x000000071d400000| Complete 
| 210|0x000000071d600000, 0x000000071d800000, 0x000000071d800000|100%| S|CS|TAMS 0x000000071d600000, 0x000000071d600000| Complete 
| 211|0x000000071d800000, 0x000000071da00000, 0x000000071da00000|100%| S|CS|TAMS 0x000000071d800000, 0x000000071d800000| Complete 
| 212|0x000000071da00000, 0x000000071dc00000, 0x000000071dc00000|100%| S|CS|TAMS 0x000000071da00000, 0x000000071da00000| Complete 
| 213|0x000000071dc00000, 0x000000071de00000, 0x000000071de00000|100%| S|CS|TAMS 0x000000071dc00000, 0x000000071dc00000| Complete 
| 214|0x000000071de00000, 0x000000071e000000, 0x000000071e000000|100%| S|CS|TAMS 0x000000071de00000, 0x000000071de00000| Complete 
| 215|0x000000071e000000, 0x000000071e000000, 0x000000071e200000|  0%| F|  |TAMS 0x000000071e000000, 0x000000071e000000| Untracked 
| 216|0x000000071e200000, 0x000000071e200000, 0x000000071e400000|  0%| F|  |TAMS 0x000000071e200000, 0x000000071e200000| Untracked 
| 217|0x000000071e400000, 0x000000071e400000, 0x000000071e600000|  0%| F|  |TAMS 0x000000071e400000, 0x000000071e400000| Untracked 
| 218|0x000000071e600000, 0x000000071e600000, 0x000000071e800000|  0%| F|  |TAMS 0x000000071e600000, 0x000000071e600000| Untracked 
| 219|0x000000071e800000, 0x000000071e800000, 0x000000071ea00000|  0%| F|  |TAMS 0x000000071e800000, 0x000000071e800000| Untracked 
| 220|0x000000071ea00000, 0x000000071ea00000, 0x000000071ec00000|  0%| F|  |TAMS 0x000000071ea00000, 0x000000071ea00000| Untracked 
| 221|0x000000071ec00000, 0x000000071ec00000, 0x000000071ee00000|  0%| F|  |TAMS 0x000000071ec00000, 0x000000071ec00000| Untracked 
| 222|0x000000071ee00000, 0x000000071ee00000, 0x000000071f000000|  0%| F|  |TAMS 0x000000071ee00000, 0x000000071ee00000| Untracked 
| 223|0x000000071f000000, 0x000000071f000000, 0x000000071f200000|  0%| F|  |TAMS 0x000000071f000000, 0x000000071f000000| Untracked 
| 224|0x000000071f200000, 0x000000071f200000, 0x000000071f400000|  0%| F|  |TAMS 0x000000071f200000, 0x000000071f200000| Untracked 
| 225|0x000000071f400000, 0x000000071f400000, 0x000000071f600000|  0%| F|  |TAMS 0x000000071f400000, 0x000000071f400000| Untracked 
| 226|0x000000071f600000, 0x000000071f600000, 0x000000071f800000|  0%| F|  |TAMS 0x000000071f600000, 0x000000071f600000| Untracked 
| 227|0x000000071f800000, 0x000000071f800000, 0x000000071fa00000|  0%| F|  |TAMS 0x000000071f800000, 0x000000071f800000| Untracked 
| 228|0x000000071fa00000, 0x000000071fa00000, 0x000000071fc00000|  0%| F|  |TAMS 0x000000071fa00000, 0x000000071fa00000| Untracked 
| 229|0x000000071fc00000, 0x000000071fc00000, 0x000000071fe00000|  0%| F|  |TAMS 0x000000071fc00000, 0x000000071fc00000| Untracked 
| 230|0x000000071fe00000, 0x000000071fe00000, 0x0000000720000000|  0%| F|  |TAMS 0x000000071fe00000, 0x000000071fe00000| Untracked 
| 231|0x0000000720000000, 0x0000000720000000, 0x0000000720200000|  0%| F|  |TAMS 0x0000000720000000, 0x0000000720000000| Untracked 
| 232|0x0000000720200000, 0x0000000720200000, 0x0000000720400000|  0%| F|  |TAMS 0x0000000720200000, 0x0000000720200000| Untracked 
| 233|0x0000000720400000, 0x0000000720400000, 0x0000000720600000|  0%| F|  |TAMS 0x0000000720400000, 0x0000000720400000| Untracked 
| 234|0x0000000720600000, 0x0000000720600000, 0x0000000720800000|  0%| F|  |TAMS 0x0000000720600000, 0x0000000720600000| Untracked 
| 235|0x0000000720800000, 0x0000000720800000, 0x0000000720a00000|  0%| F|  |TAMS 0x0000000720800000, 0x0000000720800000| Untracked 
| 236|0x0000000720a00000, 0x0000000720a00000, 0x0000000720c00000|  0%| F|  |TAMS 0x0000000720a00000, 0x0000000720a00000| Untracked 
| 237|0x0000000720c00000, 0x0000000720c00000, 0x0000000720e00000|  0%| F|  |TAMS 0x0000000720c00000, 0x0000000720c00000| Untracked 
| 238|0x0000000720e00000, 0x0000000720e00000, 0x0000000721000000|  0%| F|  |TAMS 0x0000000720e00000, 0x0000000720e00000| Untracked 
| 239|0x0000000721000000, 0x0000000721000000, 0x0000000721200000|  0%| F|  |TAMS 0x0000000721000000, 0x0000000721000000| Untracked 
| 240|0x0000000721200000, 0x0000000721200000, 0x0000000721400000|  0%| F|  |TAMS 0x0000000721200000, 0x0000000721200000| Untracked 
| 241|0x0000000721400000, 0x0000000721400000, 0x0000000721600000|  0%| F|  |TAMS 0x0000000721400000, 0x0000000721400000| Untracked 
| 242|0x0000000721600000, 0x0000000721600000, 0x0000000721800000|  0%| F|  |TAMS 0x0000000721600000, 0x0000000721600000| Untracked 
| 243|0x0000000721800000, 0x0000000721800000, 0x0000000721a00000|  0%| F|  |TAMS 0x0000000721800000, 0x0000000721800000| Untracked 
| 244|0x0000000721a00000, 0x0000000721a00000, 0x0000000721c00000|  0%| F|  |TAMS 0x0000000721a00000, 0x0000000721a00000| Untracked 
| 245|0x0000000721c00000, 0x0000000721c00000, 0x0000000721e00000|  0%| F|  |TAMS 0x0000000721c00000, 0x0000000721c00000| Untracked 
| 246|0x0000000721e00000, 0x0000000721e00000, 0x0000000722000000|  0%| F|  |TAMS 0x0000000721e00000, 0x0000000721e00000| Untracked 

Card table byte_map: [0x000002b21fa50000,0x000002b220240000] _byte_map_base: 0x000002b21c237000

Marking Bits (Prev, Next): (CMBitMap*) 0x000002b207f607d0, (CMBitMap*) 0x000002b207f60810
 Prev Bits: [0x000002b220a30000, 0x000002b224968000)
 Next Bits: [0x000002b224970000, 0x000002b2288a8000)

Polling page: 0x000002b206060000

Metaspace:

Usage:
  Non-class:     77.25 MB used.
      Class:     13.49 MB used.
       Both:     90.74 MB used.

Virtual space:
  Non-class space:      128.00 MB reserved,      78.12 MB ( 61%) committed,  2 nodes.
      Class space:        1.00 GB reserved,      14.25 MB (  1%) committed,  1 nodes.
             Both:        1.12 GB reserved,      92.38 MB (  8%) committed. 

Chunk freelists:
   Non-Class:  1.88 MB
       Class:  1.76 MB
        Both:  3.64 MB

MaxMetaspaceSize: unlimited
CompressedClassSpaceSize: 1.00 GB
Initial GC threshold: 21.00 MB
Current GC threshold: 140.44 MB
CDS: on
MetaspaceReclaimPolicy: balanced
 - commit_granule_bytes: 65536.
 - commit_granule_words: 8192.
 - virtual_space_node_default_size: 8388608.
 - enlarge_chunks_in_place: 1.
 - new_chunks_are_fully_committed: 0.
 - uncommit_free_chunks: 1.
 - use_allocation_guard: 0.
 - handle_deallocations: 1.


Internal statistics:

num_allocs_failed_limit: 14.
num_arena_births: 2668.
num_arena_deaths: 0.
num_vsnodes_births: 3.
num_vsnodes_deaths: 0.
num_space_committed: 1475.
num_space_uncommitted: 0.
num_chunks_returned_to_freelist: 14.
num_chunks_taken_from_freelist: 6686.
num_chunk_merges: 11.
num_chunk_splits: 4198.
num_chunks_enlarged: 2583.
num_inconsistent_stats: 0.

CodeHeap 'non-profiled nmethods': size=119168Kb used=10963Kb max_used=11077Kb free=108204Kb
 bounds [0x000002b217350000, 0x000002b217e50000, 0x000002b21e7b0000]
CodeHeap 'profiled nmethods': size=119104Kb used=22518Kb max_used=23583Kb free=96585Kb
 bounds [0x000002b20f7b0000, 0x000002b210ec0000, 0x000002b216c00000]
CodeHeap 'non-nmethods': size=7488Kb used=3442Kb max_used=3503Kb free=4045Kb
 bounds [0x000002b216c00000, 0x000002b216f80000, 0x000002b217350000]
 total_blobs=14297 nmethods=13097 adapters=1108
 compilation: enabled
              stopped_count=0, restarted_count=0
 full_count=0

Compilation events (20 events):
Event: 23.185 Thread 0x000002b2726285b0 nmethod 17930 0x000002b21796d610 code [0x000002b21796d7a0, 0x000002b21796d8b8]
Event: 23.185 Thread 0x000002b2726285b0 17196       4       net.minecraft.world.level.levelgen.LegacyRandomSource::<init> (33 bytes)
Event: 23.186 Thread 0x000002b22afda6c0 nmethod 17931 0x000002b217b9ae10 code [0x000002b217b9afa0, 0x000002b217b9b208]
Event: 23.186 Thread 0x000002b22afda6c0 17801       4       net.minecraft.world.level.levelgen.placement.PlacedFeature$$Lambda$6951/0x000002b22de15220::apply (20 bytes)
Event: 23.187 Thread 0x000002b22afda6c0 nmethod 17801 0x000002b217db1e10 code [0x000002b217db1fa0, 0x000002b217db2098]
Event: 23.187 Thread 0x000002b22afda6c0 17627       4       it.unimi.dsi.fastutil.longs.LongOpenHashSet::isEmpty (13 bytes)
Event: 23.187 Thread 0x000002b22afda6c0 nmethod 17627 0x000002b217dcc990 code [0x000002b217dccb00, 0x000002b217dccb98]
Event: 23.187 Thread 0x000002b22afda6c0 17583       4       net.minecraft.world.level.levelgen.XoroshiroRandomSource::nextLong (8 bytes)
Event: 23.188 Thread 0x000002b22afda6c0 nmethod 17583 0x000002b217dd2510 code [0x000002b217dd2680, 0x000002b217dd2758]
Event: 23.188 Thread 0x000002b22afda6c0 17172       4       net.minecraft.world.level.LevelReader::getNoiseBiome (46 bytes)
Event: 23.196 Thread 0x000002b2726285b0 nmethod 17196 0x000002b217df6790 code [0x000002b217df6940, 0x000002b217df7298]
Event: 23.196 Thread 0x000002b2726285b0 17173       4       net.minecraft.world.level.chunk.ChunkAccess::getHighestGeneratedStatus (35 bytes)
Event: 23.197 Thread 0x000002b2726285b0 nmethod 17173 0x000002b217df6210 code [0x000002b217df6380, 0x000002b217df6438]
Event: 23.197 Thread 0x000002b2726285b0 17174   !   4       net.minecraft.world.level.chunk.ChunkAccess::getNoiseBiome (115 bytes)
Event: 23.203 Thread 0x000002b22afda6c0 nmethod 17172 0x000002b217d5b790 code [0x000002b217d5b9c0, 0x000002b217d5c648]
Event: 23.203 Thread 0x000002b2726285b0 nmethod 17174 0x000002b217df9490 code [0x000002b217df9680, 0x000002b217df9e78]
Event: 23.203 Thread 0x000002b22afda6c0 17518       4       net.minecraft.core.Holder$Reference::is (14 bytes)
Event: 23.203 Thread 0x000002b2726285b0 18022       4       java.util.concurrent.CompletableFuture::uniApplyStage (54 bytes)
Event: 23.204 Thread 0x000002b22afda6c0 nmethod 17518 0x000002b217dff690 code [0x000002b217dff800, 0x000002b217dff8b8]
Event: 23.204 Thread 0x000002b22afda6c0 17632       4       net.minecraft.world.level.levelgen.MarsagliaPolarGaussian::reset (6 bytes)

GC Heap History (20 events):
Event: 17.479 GC heap after
{Heap after GC invocations=28 (full 0):
 garbage-first heap   total 417792K, used 193408K [0x0000000703200000, 0x0000000800000000)
  region size 2048K, 1 young (2048K), 1 survivors (2048K)
 Metaspace       used 80031K, committed 81600K, reserved 1179648K
  class space    used 11771K, committed 12480K, reserved 1048576K
}
Event: 18.423 GC heap before
{Heap before GC invocations=28 (full 0):
 garbage-first heap   total 417792K, used 340864K [0x0000000703200000, 0x0000000800000000)
  region size 2048K, 73 young (149504K), 1 survivors (2048K)
 Metaspace       used 84537K, committed 86016K, reserved 1179648K
  class space    used 12655K, committed 13312K, reserved 1048576K
}
Event: 18.427 GC heap after
{Heap after GC invocations=29 (full 0):
 garbage-first heap   total 417792K, used 200311K [0x0000000703200000, 0x0000000800000000)
  region size 2048K, 5 young (10240K), 5 survivors (10240K)
 Metaspace       used 84537K, committed 86016K, reserved 1179648K
  class space    used 12655K, committed 13312K, reserved 1048576K
}
Event: 18.568 GC heap before
{Heap before GC invocations=30 (full 0):
 garbage-first heap   total 505856K, used 339575K [0x0000000703200000, 0x0000000800000000)
  region size 2048K, 74 young (151552K), 5 survivors (10240K)
 Metaspace       used 84780K, committed 86272K, reserved 1179648K
  class space    used 12726K, committed 13376K, reserved 1048576K
}
Event: 18.575 GC heap after
{Heap after GC invocations=31 (full 0):
 garbage-first heap   total 505856K, used 207729K [0x0000000703200000, 0x0000000800000000)
  region size 2048K, 8 young (16384K), 8 survivors (16384K)
 Metaspace       used 84780K, committed 86272K, reserved 1179648K
  class space    used 12726K, committed 13376K, reserved 1048576K
}
Event: 18.581 GC heap before
{Heap before GC invocations=31 (full 0):
 garbage-first heap   total 505856K, used 213873K [0x0000000703200000, 0x0000000800000000)
  region size 2048K, 12 young (24576K), 8 survivors (16384K)
 Metaspace       used 84780K, committed 86272K, reserved 1179648K
  class space    used 12726K, committed 13376K, reserved 1048576K
}
Event: 18.585 GC heap after
{Heap after GC invocations=32 (full 0):
 garbage-first heap   total 505856K, used 208746K [0x0000000703200000, 0x0000000800000000)
  region size 2048K, 2 young (4096K), 2 survivors (4096K)
 Metaspace       used 84780K, committed 86272K, reserved 1179648K
  class space    used 12726K, committed 13376K, reserved 1048576K
}
Event: 19.467 GC heap before
{Heap before GC invocations=32 (full 0):
 garbage-first heap   total 505856K, used 411498K [0x0000000703200000, 0x0000000800000000)
  region size 2048K, 101 young (206848K), 2 survivors (4096K)
 Metaspace       used 86520K, committed 88064K, reserved 1179648K
  class space    used 12970K, committed 13632K, reserved 1048576K
}
Event: 19.473 GC heap after
{Heap after GC invocations=33 (full 0):
 garbage-first heap   total 505856K, used 216981K [0x0000000703200000, 0x0000000800000000)
  region size 2048K, 6 young (12288K), 6 survivors (12288K)
 Metaspace       used 86520K, committed 88064K, reserved 1179648K
  class space    used 12970K, committed 13632K, reserved 1048576K
}
Event: 20.410 GC heap before
{Heap before GC invocations=33 (full 0):
 garbage-first heap   total 505856K, used 415637K [0x0000000703200000, 0x0000000800000000)
  region size 2048K, 103 young (210944K), 6 survivors (12288K)
 Metaspace       used 90269K, committed 91904K, reserved 1179648K
  class space    used 13480K, committed 14208K, reserved 1048576K
}
Event: 20.426 GC heap after
{Heap after GC invocations=34 (full 0):
 garbage-first heap   total 505856K, used 234592K [0x0000000703200000, 0x0000000800000000)
  region size 2048K, 13 young (26624K), 13 survivors (26624K)
 Metaspace       used 90269K, committed 91904K, reserved 1179648K
  class space    used 13480K, committed 14208K, reserved 1048576K
}
Event: 21.527 GC heap before
{Heap before GC invocations=34 (full 0):
 garbage-first heap   total 505856K, used 412768K [0x0000000703200000, 0x0000000800000000)
  region size 2048K, 100 young (204800K), 13 survivors (26624K)
 Metaspace       used 91586K, committed 93312K, reserved 1179648K
  class space    used 13636K, committed 14400K, reserved 1048576K
}
Event: 21.538 GC heap after
{Heap after GC invocations=35 (full 0):
 garbage-first heap   total 505856K, used 242955K [0x0000000703200000, 0x0000000800000000)
  region size 2048K, 7 young (14336K), 7 survivors (14336K)
 Metaspace       used 91586K, committed 93312K, reserved 1179648K
  class space    used 13636K, committed 14400K, reserved 1048576K
}
Event: 22.134 GC heap before
{Heap before GC invocations=35 (full 0):
 garbage-first heap   total 505856K, used 410891K [0x0000000703200000, 0x0000000800000000)
  region size 2048K, 89 young (182272K), 7 survivors (14336K)
 Metaspace       used 91891K, committed 93632K, reserved 1179648K
  class space    used 13668K, committed 14464K, reserved 1048576K
}
Event: 22.138 GC heap after
{Heap after GC invocations=36 (full 0):
 garbage-first heap   total 505856K, used 245170K [0x0000000703200000, 0x0000000800000000)
  region size 2048K, 8 young (16384K), 8 survivors (16384K)
 Metaspace       used 91891K, committed 93632K, reserved 1179648K
  class space    used 13668K, committed 14464K, reserved 1048576K
}
Event: 22.891 GC heap before
{Heap before GC invocations=36 (full 0):
 garbage-first heap   total 505856K, used 417202K [0x0000000703200000, 0x0000000800000000)
  region size 2048K, 92 young (188416K), 8 survivors (16384K)
 Metaspace       used 92915K, committed 94592K, reserved 1179648K
  class space    used 13814K, committed 14592K, reserved 1048576K
}
Event: 22.902 GC heap after
{Heap after GC invocations=37 (full 0):
 garbage-first heap   total 505856K, used 267077K [0x0000000703200000, 0x0000000800000000)
  region size 2048K, 12 young (24576K), 12 survivors (24576K)
 Metaspace       used 92915K, committed 94592K, reserved 1179648K
  class space    used 13814K, committed 14592K, reserved 1048576K
}
Event: 23.089 GC heap before
{Heap before GC invocations=37 (full 0):
 garbage-first heap   total 505856K, used 408389K [0x0000000703200000, 0x0000000800000000)
  region size 2048K, 81 young (165888K), 12 survivors (24576K)
 Metaspace       used 92917K, committed 94592K, reserved 1179648K
  class space    used 13815K, committed 14592K, reserved 1048576K
}
Event: 23.121 GC heap after
{Heap after GC invocations=38 (full 0):
 garbage-first heap   total 505856K, used 333217K [0x0000000703200000, 0x0000000800000000)
  region size 2048K, 11 young (22528K), 11 survivors (22528K)
 Metaspace       used 92917K, committed 94592K, reserved 1179648K
  class space    used 13815K, committed 14592K, reserved 1048576K
}
Event: 23.204 GC heap before
{Heap before GC invocations=38 (full 0):
 garbage-first heap   total 505856K, used 398753K [0x0000000703200000, 0x0000000800000000)
  region size 2048K, 43 young (88064K), 11 survivors (22528K)
 Metaspace       used 92917K, committed 94592K, reserved 1179648K
  class space    used 13815K, committed 14592K, reserved 1048576K
}

Deoptimization events (20 events):
Event: 23.169 Thread 0x000002b271da0750 DEOPT PACKING pc=0x000002b210b68fc7 sp=0x000000df428fd2c0
Event: 23.169 Thread 0x000002b271da0750 DEOPT UNPACKING pc=0x000002b216c52b43 sp=0x000000df428fc8f8 mode 0
Event: 23.176 Thread 0x000002b271da0750 DEOPT PACKING pc=0x000002b210b68fc7 sp=0x000000df428fde40
Event: 23.176 Thread 0x000002b271da0750 DEOPT UNPACKING pc=0x000002b216c52b43 sp=0x000000df428fd478 mode 0
Event: 23.180 Thread 0x000002b271da0750 DEOPT PACKING pc=0x000002b210b68fc7 sp=0x000000df428fd7d0
Event: 23.180 Thread 0x000002b271da0750 DEOPT UNPACKING pc=0x000002b216c52b43 sp=0x000000df428fce08 mode 0
Event: 23.181 Thread 0x000002b271da0750 DEOPT PACKING pc=0x000002b210b68fc7 sp=0x000000df428fd7d0
Event: 23.181 Thread 0x000002b271da0750 DEOPT UNPACKING pc=0x000002b216c52b43 sp=0x000000df428fce08 mode 0
Event: 23.185 Thread 0x000002b271da0750 DEOPT PACKING pc=0x000002b210b68fc7 sp=0x000000df428fd210
Event: 23.185 Thread 0x000002b271da0750 DEOPT UNPACKING pc=0x000002b216c52b43 sp=0x000000df428fc848 mode 0
Event: 23.187 Thread 0x000002b271da0750 DEOPT PACKING pc=0x000002b210b68fc7 sp=0x000000df428fd6d0
Event: 23.187 Thread 0x000002b271da0750 DEOPT UNPACKING pc=0x000002b216c52b43 sp=0x000000df428fcd08 mode 0
Event: 23.188 Thread 0x000002b271da0750 DEOPT PACKING pc=0x000002b210b68fc7 sp=0x000000df428fd7d0
Event: 23.188 Thread 0x000002b271da0750 DEOPT UNPACKING pc=0x000002b216c52b43 sp=0x000000df428fce08 mode 0
Event: 23.192 Thread 0x000002b271da0750 DEOPT PACKING pc=0x000002b210b68fc7 sp=0x000000df428fd880
Event: 23.192 Thread 0x000002b271da0750 DEOPT UNPACKING pc=0x000002b216c52b43 sp=0x000000df428fceb8 mode 0
Event: 23.194 Thread 0x000002b271da0750 DEOPT PACKING pc=0x000002b210b68fc7 sp=0x000000df428fd780
Event: 23.194 Thread 0x000002b271da0750 DEOPT UNPACKING pc=0x000002b216c52b43 sp=0x000000df428fcdb8 mode 0
Event: 23.202 Thread 0x000002b271da0750 DEOPT PACKING pc=0x000002b210b68fc7 sp=0x000000df428fd880
Event: 23.202 Thread 0x000002b271da0750 DEOPT UNPACKING pc=0x000002b216c52b43 sp=0x000000df428fceb8 mode 0

Classes unloaded (0 events):
No events

Classes redefined (0 events):
No events

Internal exceptions (20 events):
Event: 20.869 Thread 0x000002b27daa4780 Exception <a 'java/lang/NoSuchMethodError'{0x000000071e22e940}: 'java.lang.Object java.lang.invoke.DirectMethodHandle$Holder.newInvokeSpecial(java.lang.Object, java.lang.Object, int, java.lang.Object, java.lang.Object)'> (0x000000071e22e940) 
thrown [s\open\src\hotspot\share\interpreter\linkResolver.cpp, line 759]
Event: 20.869 Thread 0x000002b27daa4780 Exception <a 'java/lang/NoSuchMethodError'{0x000000071e232370}: 'java.lang.Object java.lang.invoke.Invokers$Holder.linkToTargetMethod(java.lang.Object, int, java.lang.Object, java.lang.Object, java.lang.Object)'> (0x000000071e232370) 
thrown [s\open\src\hotspot\share\interpreter\linkResolver.cpp, line 759]
Event: 20.993 Thread 0x000002b27daa4780 Exception <a 'sun/nio/fs/WindowsException'{0x000000071dbd8e98}> (0x000000071dbd8e98) 
thrown [s\open\src\hotspot\share\prims\jni.cpp, line 516]
Event: 21.112 Thread 0x000002b27daa4780 Exception <a 'java/lang/NoSuchMethodError'{0x000000071caf3ae0}: 'java.lang.Object java.lang.invoke.DirectMethodHandle$Holder.newInvokeSpecial(java.lang.Object, java.lang.Object, java.lang.Object, java.lang.Object, java.lang.Object, java.lang.Object, java.lang.Object, java.lang.Object, java.lang.Object, java.lang.Object, java.lang.Object)'> (0x000000071caf3ae0) 
thrown [s\open\src\hotspot\share\interpreter\linkResolver.cpp, line 759]
Event: 21.112 Thread 0x000002b27daa4780 Exception <a 'java/lang/NoSuchMethodError'{0x000000071caf7e30}: 'java.lang.Object java.lang.invoke.Invokers$Holder.linkToTargetMethod(java.lang.Object, java.lang.Object, java.lang.Object, java.lang.Object, java.lang.Object, java.lang.Object, java.lang.Object, java.lang.Object, java.lang.Object, java.lang.Object, java.lang.Object)'> (0x000000071caf7e30) 
thrown [s\open\src\hotspot\share\interpreter\linkResolver.cpp, line 759]
Event: 21.112 Thread 0x000002b27daa4780 Exception <a 'sun/nio/fs/WindowsException'{0x000000071cafbae8}> (0x000000071cafbae8) 
thrown [s\open\src\hotspot\share\prims\jni.cpp, line 516]
Event: 21.261 Thread 0x000002b27453b190 Exception <a 'sun/nio/fs/WindowsException'{0x000000071acdd958}> (0x000000071acdd958) 
thrown [s\open\src\hotspot\share\prims\jni.cpp, line 516]
Event: 21.474 Thread 0x000002b272133d80 Exception <a 'java/lang/NoSuchMethodError'{0x00000007199391c0}: 'void java.lang.invoke.DirectMethodHandle$Holder.invokeStatic(java.lang.Object, java.lang.Object, java.lang.Object, int, int, java.lang.Object, java.lang.Object)'> (0x00000007199391c0) 
thrown [s\open\src\hotspot\share\interpreter\linkResolver.cpp, line 759]
Event: 21.475 Thread 0x000002b2766d7f00 Exception <a 'java/lang/NoSuchMethodError'{0x000000071995ee58}: 'void java.lang.invoke.DirectMethodHandle$Holder.invokeStatic(java.lang.Object, java.lang.Object, java.lang.Object, int, int, java.lang.Object, java.lang.Object)'> (0x000000071995ee58) 
thrown [s\open\src\hotspot\share\interpreter\linkResolver.cpp, line 759]
Event: 21.477 Thread 0x000002b272134290 Exception <a 'sun/nio/fs/WindowsException'{0x00000007197372a0}> (0x00000007197372a0) 
thrown [s\open\src\hotspot\share\prims\jni.cpp, line 516]
Event: 21.501 Thread 0x000002b278aa3e60 Exception <a 'java/lang/NoSuchMethodError'{0x000000071840cad8}: 'java.lang.Object java.lang.invoke.DirectMethodHandle$Holder.newInvokeSpecial(java.lang.Object, java.lang.Object, java.lang.Object, java.lang.Object, java.lang.Object, java.lang.Object, int, int)'> (0x000000071840cad8) 
thrown [s\open\src\hotspot\share\interpreter\linkResolver.cpp, line 759]
Event: 21.898 Thread 0x000002b278aa3e60 Exception <a 'java/lang/NoSuchMethodError'{0x000000071b651aa8}: 'java.lang.Object java.lang.invoke.DirectMethodHandle$Holder.invokeVirtual(java.lang.Object, java.lang.Object, int, int, int)'> (0x000000071b651aa8) 
thrown [s\open\src\hotspot\share\interpreter\linkResolver.cpp, line 759]
Event: 21.900 Thread 0x000002b278aa3e60 Exception <a 'java/lang/NoSuchMethodError'{0x000000071b7c6c58}: 'java.lang.Object java.lang.invoke.DirectMethodHandle$Holder.invokeSpecial(java.lang.Object, java.lang.Object, int, int, int)'> (0x000000071b7c6c58) 
thrown [s\open\src\hotspot\share\interpreter\linkResolver.cpp, line 759]
Event: 22.179 Thread 0x000002b271bb5640 Exception <a 'java/lang/NoSuchMethodError'{0x0000000721a68f58}: 'int java.lang.invoke.DirectMethodHandle$Holder.invokeInterface(java.lang.Object, java.lang.Object, int)'> (0x0000000721a68f58) 
thrown [s\open\src\hotspot\share\interpreter\linkResolver.cpp, line 759]
Event: 22.192 Thread 0x000002b271bb5640 Exception <a 'java/lang/NoSuchMethodError'{0x0000000721afaee0}: 'java.lang.Object java.lang.invoke.DirectMethodHandle$Holder.invokeSpecial(java.lang.Object, java.lang.Object, java.lang.Object, int, long)'> (0x0000000721afaee0) 
thrown [s\open\src\hotspot\share\interpreter\linkResolver.cpp, line 759]
Event: 22.225 Thread 0x000002b271bb5640 Exception <a 'java/lang/NoSuchMethodError'{0x0000000721809150}: 'java.lang.Object java.lang.invoke.DirectMethodHandle$Holder.invokeSpecial(java.lang.Object, java.lang.Object, java.lang.Object, java.lang.Object, java.lang.Object, java.lang.Object, int, java.lang.Object)'> (0x0000000721809150) 
thrown [s\open\src\hotspot\share\interpreter\linkResolver.cpp, line 759]
Event: 22.226 Thread 0x000002b271bb5640 Exception <a 'java/lang/NoSuchMethodError'{0x0000000721812998}: 'java.lang.Object java.lang.invoke.Invokers$Holder.linkToTargetMethod(java.lang.Object, java.lang.Object, java.lang.Object, java.lang.Object, java.lang.Object, int, java.lang.Object)'> (0x0000000721812998) 
thrown [s\open\src\hotspot\share\interpreter\linkResolver.cpp, line 759]
Event: 22.227 Thread 0x000002b271bb5640 Exception <a 'java/lang/NoSuchMethodError'{0x000000072182ff30}: 'int java.lang.invoke.DirectMethodHandle$Holder.invokeInterface(java.lang.Object, java.lang.Object, java.lang.Object, java.lang.Object, java.lang.Object)'> (0x000000072182ff30) 
thrown [s\open\src\hotspot\share\interpreter\linkResolver.cpp, line 759]
Event: 22.733 Thread 0x000002b2735005d0 Exception <a 'java/lang/NoSuchMethodError'{0x000000071ab211c8}: 'int java.lang.invoke.DirectMethodHandle$Holder.invokeInterface(java.lang.Object, java.lang.Object, long)'> (0x000000071ab211c8) 
thrown [s\open\src\hotspot\share\interpreter\linkResolver.cpp, line 759]
Event: 22.831 Thread 0x000002b271da0750 Exception <a 'java/lang/NoSuchMethodError'{0x000000071a3c48a0}: 'void java.lang.invoke.DirectMethodHandle$Holder.invokeStatic(java.lang.Object, long, java.lang.Object)'> (0x000000071a3c48a0) 
thrown [s\open\src\hotspot\share\interpreter\linkResolver.cpp, line 759]

VM Operations (20 events):
Event: 22.771 Executing VM operation: HandshakeAllThreads done
Event: 22.775 Executing VM operation: HandshakeAllThreads
Event: 22.775 Executing VM operation: HandshakeAllThreads done
Event: 22.777 Executing VM operation: HandshakeAllThreads
Event: 22.778 Executing VM operation: HandshakeAllThreads done
Event: 22.779 Executing VM operation: HandshakeAllThreads
Event: 22.779 Executing VM operation: HandshakeAllThreads done
Event: 22.784 Executing VM operation: HandshakeAllThreads
Event: 22.784 Executing VM operation: HandshakeAllThreads done
Event: 22.811 Executing VM operation: HandshakeAllThreads
Event: 22.811 Executing VM operation: HandshakeAllThreads done
Event: 22.831 Executing VM operation: HandshakeAllThreads
Event: 22.831 Executing VM operation: HandshakeAllThreads done
Event: 22.891 Executing VM operation: G1CollectForAllocation
Event: 22.902 Executing VM operation: G1CollectForAllocation done
Event: 23.089 Executing VM operation: G1CollectForAllocation
Event: 23.121 Executing VM operation: G1CollectForAllocation done
Event: 23.139 Executing VM operation: HandshakeAllThreads
Event: 23.139 Executing VM operation: HandshakeAllThreads done
Event: 23.204 Executing VM operation: G1CollectForAllocation

Events (20 events):
Event: 23.144 Thread 0x000002b22afecf60 flushing nmethod 0x000002b217dcc990
Event: 23.144 Thread 0x000002b22afecf60 flushing nmethod 0x000002b217dd2510
Event: 23.144 Thread 0x000002b22afecf60 flushing nmethod 0x000002b217de5590
Event: 23.144 Thread 0x000002b22afecf60 flushing nmethod 0x000002b217df6210
Event: 23.144 Thread 0x000002b22afecf60 flushing nmethod 0x000002b217df8d90
Event: 23.144 Thread 0x000002b22afecf60 flushing nmethod 0x000002b217dff690
Event: 23.144 Thread 0x000002b22afecf60 flushing nmethod 0x000002b217e07290
Event: 23.145 Thread 0x000002b22afecf60 flushing nmethod 0x000002b20f82c710
Event: 23.151 Thread 0x000002b22afecf60 flushing nmethod 0x000002b20fd22a90
Event: 23.156 Thread 0x000002b22afecf60 flushing nmethod 0x000002b210223810
Event: 23.157 Thread 0x000002b22afecf60 flushing nmethod 0x000002b210317990
Event: 23.162 Thread 0x000002b22afecf60 flushing nmethod 0x000002b210b11a10
Event: 23.163 Thread 0x000002b22afecf60 flushing nmethod 0x000002b210d6a310
Event: 23.163 Thread 0x000002b22afecf60 flushing nmethod 0x000002b210d6a710
Event: 23.163 Thread 0x000002b22afecf60 flushing nmethod 0x000002b210de9b90
Event: 23.163 Thread 0x000002b22afecf60 flushing nmethod 0x000002b210debc90
Event: 23.163 Thread 0x000002b22afecf60 flushing nmethod 0x000002b210df3c10
Event: 23.163 Thread 0x000002b22afecf60 flushing nmethod 0x000002b210e08390
Event: 23.163 Thread 0x000002b22afecf60 flushing nmethod 0x000002b210e0f710
Event: 23.163 Thread 0x000002b22afecf60 flushing nmethod 0x000002b210e29710


Dynamic libraries:
0x00007ff697ae0000 - 0x00007ff697af0000 	C:\Program Files\Java\jdk-17\bin\java.exe
0x00007ffb1a640000 - 0x00007ffb1a8a9000 	C:\WINDOWS\SYSTEM32\ntdll.dll
0x00007ffb19a80000 - 0x00007ffb19b49000 	C:\WINDOWS\System32\KERNEL32.DLL
0x00007ffb17b10000 - 0x00007ffb17f03000 	C:\WINDOWS\System32\KERNELBASE.dll
0x00007ffb17f40000 - 0x00007ffb1808b000 	C:\WINDOWS\System32\ucrtbase.dll
0x00007ffadb660000 - 0x00007ffadb679000 	C:\Program Files\Java\jdk-17\bin\jli.dll
0x00007ffabf200000 - 0x00007ffabf21b000 	C:\Program Files\Java\jdk-17\bin\VCRUNTIME140.dll
0x00007ffb198c0000 - 0x00007ffb19974000 	C:\WINDOWS\System32\ADVAPI32.dll
0x00007ffb19b50000 - 0x00007ffb19bf9000 	C:\WINDOWS\System32\msvcrt.dll
0x00007ffb19810000 - 0x00007ffb198b6000 	C:\WINDOWS\System32\sechost.dll
0x00007ffb19f20000 - 0x00007ffb1a038000 	C:\WINDOWS\System32\RPCRT4.dll
0x00007ffb19350000 - 0x00007ffb19514000 	C:\WINDOWS\System32\USER32.dll
0x00007ffb17f10000 - 0x00007ffb17f37000 	C:\WINDOWS\System32\win32u.dll
0x00007ffb1a140000 - 0x00007ffb1a16b000 	C:\WINDOWS\System32\GDI32.dll
0x00007ffb179e0000 - 0x00007ffb17b0d000 	C:\WINDOWS\System32\gdi32full.dll
0x00007ffb03b40000 - 0x00007ffb03dd3000 	C:\WINDOWS\WinSxS\amd64_microsoft.windows.common-controls_6595b64144ccf1df_6.0.26100.5074_none_3e0d6f78e32fd63f\COMCTL32.dll
0x00007ffb17890000 - 0x00007ffb17933000 	C:\WINDOWS\System32\msvcp_win.dll
0x00007ffb0ca20000 - 0x00007ffb0ca2b000 	C:\WINDOWS\SYSTEM32\VERSION.dll
0x00007ffb19290000 - 0x00007ffb192bf000 	C:\WINDOWS\System32\IMM32.DLL
0x00007ffaefab0000 - 0x00007ffaefabc000 	C:\Program Files\Java\jdk-17\bin\vcruntime140_1.dll
0x00007ffabf170000 - 0x00007ffabf1fe000 	C:\Program Files\Java\jdk-17\bin\msvcp140.dll
0x00007ff9e2070000 - 0x00007ff9e2c51000 	C:\Program Files\Java\jdk-17\bin\server\jvm.dll
0x00007ffb1a5f0000 - 0x00007ffb1a5f8000 	C:\WINDOWS\System32\PSAPI.DLL
0x00007ffae4220000 - 0x00007ffae422a000 	C:\WINDOWS\SYSTEM32\WSOCK32.dll
0x00007ffb031c0000 - 0x00007ffb031f5000 	C:\WINDOWS\SYSTEM32\WINMM.dll
0x00007ffb192d0000 - 0x00007ffb19344000 	C:\WINDOWS\System32\WS2_32.dll
0x00007ffb16530000 - 0x00007ffb1654b000 	C:\WINDOWS\SYSTEM32\kernel.appcore.dll
0x00007ffad9a20000 - 0x00007ffad9a2a000 	C:\Program Files\Java\jdk-17\bin\jimage.dll
0x00007ffb14c30000 - 0x00007ffb14e72000 	C:\WINDOWS\SYSTEM32\DBGHELP.DLL
0x00007ffb1a170000 - 0x00007ffb1a4eb000 	C:\WINDOWS\System32\combase.dll
0x00007ffb1a4f0000 - 0x00007ffb1a5c7000 	C:\WINDOWS\System32\OLEAUT32.dll
0x00007ffae2110000 - 0x00007ffae214d000 	C:\WINDOWS\SYSTEM32\dbgcore.DLL
0x00007ffb17940000 - 0x00007ffb179d9000 	C:\WINDOWS\System32\bcryptPrimitives.dll
0x00007ffabc460000 - 0x00007ffabc485000 	C:\Program Files\Java\jdk-17\bin\java.dll
0x00007ffab62a0000 - 0x00007ffab6377000 	C:\Program Files\Java\jdk-17\bin\jsvml.dll
0x00007ffb18420000 - 0x00007ffb18b6d000 	C:\WINDOWS\System32\SHELL32.dll
0x00007ffb18120000 - 0x00007ffb1828c000 	C:\WINDOWS\System32\wintypes.dll
0x00007ffb153d0000 - 0x00007ffb15c29000 	C:\WINDOWS\SYSTEM32\windows.storage.dll
0x00007ffb1a040000 - 0x00007ffb1a130000 	C:\WINDOWS\System32\SHCORE.dll
0x00007ffb19dc0000 - 0x00007ffb19e22000 	C:\WINDOWS\System32\shlwapi.dll
0x00007ffb176b0000 - 0x00007ffb176d9000 	C:\WINDOWS\SYSTEM32\profapi.dll
0x00007ffabf150000 - 0x00007ffabf169000 	C:\Program Files\Java\jdk-17\bin\net.dll
0x00007ffb0bb90000 - 0x00007ffb0bcaf000 	C:\WINDOWS\SYSTEM32\WINHTTP.dll
0x00007ffb16a90000 - 0x00007ffb16afb000 	C:\WINDOWS\system32\mswsock.dll
0x00007ffab6570000 - 0x00007ffab6586000 	C:\Program Files\Java\jdk-17\bin\nio.dll
0x00007ffab6550000 - 0x00007ffab6568000 	C:\Program Files\Java\jdk-17\bin\zip.dll
0x00007ffabd430000 - 0x00007ffabd440000 	C:\Program Files\Java\jdk-17\bin\verify.dll
0x00007ffabcc50000 - 0x00007ffabcc5a000 	C:\Program Files\Java\jdk-17\bin\management.dll
0x00007ffabc960000 - 0x00007ffabc96b000 	C:\Program Files\Java\jdk-17\bin\management_ext.dll
0x00007ffae6ce0000 - 0x00007ffae6cf8000 	C:\WINDOWS\system32\napinsp.dll
0x00007ffb16020000 - 0x00007ffb16146000 	C:\WINDOWS\SYSTEM32\DNSAPI.dll
0x00007ffb15f80000 - 0x00007ffb15fb4000 	C:\WINDOWS\SYSTEM32\IPHLPAPI.DLL
0x00007ffb19f10000 - 0x00007ffb19f1a000 	C:\WINDOWS\System32\NSI.dll
0x00007ffae6cc0000 - 0x00007ffae6cd2000 	C:\WINDOWS\System32\winrnr.dll
0x00007ffae6c90000 - 0x00007ffae6cb8000 	C:\WINDOWS\system32\nlansp_c.dll
0x00007ffb0c9a0000 - 0x00007ffb0c9b6000 	C:\WINDOWS\system32\wshbth.dll
0x0000000076ea0000 - 0x0000000076ec6000 	C:\Program Files\Bonjour\mdnsNSP.dll
0x00007ffb0d910000 - 0x00007ffb0d91b000 	C:\Windows\System32\rasadhlp.dll
0x00007ffb06e90000 - 0x00007ffb06f16000 	C:\WINDOWS\System32\fwpuclnt.dll
0x00007ffb16650000 - 0x00007ffb16686000 	C:\WINDOWS\SYSTEM32\ntmarta.dll
0x00007ffb16e60000 - 0x00007ffb16e7b000 	C:\WINDOWS\SYSTEM32\CRYPTSP.dll
0x00007ffb16490000 - 0x00007ffb164cb000 	C:\WINDOWS\system32\rsaenh.dll
0x00007ffb16b30000 - 0x00007ffb16b5b000 	C:\WINDOWS\SYSTEM32\USERENV.dll
0x00007ffb17680000 - 0x00007ffb176a6000 	C:\WINDOWS\SYSTEM32\bcrypt.dll
0x00007ffb16cc0000 - 0x00007ffb16ccc000 	C:\WINDOWS\SYSTEM32\CRYPTBASE.dll
0x00007ffb0ba30000 - 0x00007ffb0ba4e000 	C:\WINDOWS\SYSTEM32\dhcpcsvc6.DLL
0x00007ffb0ba00000 - 0x00007ffb0ba23000 	C:\WINDOWS\SYSTEM32\dhcpcsvc.DLL
0x00007ffabf260000 - 0x00007ffabf2a0000 	C:\Users\61530\AppData\Local\Temp\jna-51382455\jna5034380899876697142.dll
0x00007ffb19660000 - 0x00007ffb197f8000 	C:\WINDOWS\System32\Ole32.dll
0x00007ffb19520000 - 0x00007ffb195d1000 	C:\WINDOWS\System32\clbcatq.dll
0x00007ffaf4c70000 - 0x00007ffaf4c8d000 	C:\WINDOWS\SYSTEM32\amsi.dll
0x00007ffb039d0000 - 0x00007ffb03a26000 	C:\WINDOWS\SYSTEM32\Pdh.dll
0x00007ffaa3dc0000 - 0x00007ffaa3dd1000 	C:\WINDOWS\System32\perfos.dll
0x00007ffb13670000 - 0x00007ffb13682000 	C:\WINDOWS\SYSTEM32\pfclient.dll
0x00007ffadac10000 - 0x00007ffadac1e000 	C:\Program Files\Java\jdk-17\bin\sunmscapi.dll
0x00007ffb18290000 - 0x00007ffb18407000 	C:\WINDOWS\System32\CRYPT32.dll
0x00007ffb16fb0000 - 0x00007ffb16fe0000 	C:\WINDOWS\SYSTEM32\ncrypt.dll
0x00007ffb16f60000 - 0x00007ffb16f9f000 	C:\WINDOWS\SYSTEM32\NTASN1.dll
0x00007ffae02b0000 - 0x00007ffae02b8000 	C:\WINDOWS\system32\wshunix.dll

dbghelp: loaded successfully - version: 4.0.5 - missing functions: none
symbol engine: initialized successfully - sym options: 0x614 - pdb path: .;C:\Program Files\Java\jdk-17\bin;C:\WINDOWS\SYSTEM32;C:\WINDOWS\WinSxS\amd64_microsoft.windows.common-controls_6595b64144ccf1df_6.0.26100.5074_none_3e0d6f78e32fd63f;C:\Program Files\Java\jdk-17\bin\server;C:\Program Files\Bonjour;C:\Users\61530\AppData\Local\Temp\jna-51382455

VM Arguments:
jvm_args: -Dforge.enabledGameTestNamespaces=tdogmc_voice -Dforge.logging.console.level=debug -Dforge.logging.markers=REGISTRIES -DignoreList=bootstraplauncher,securejarhandler,asm-commons,asm-util,asm-analysis,asm-tree,asm,JarJarFileSystems,client-extra,fmlcore,javafmllanguage,lowcodelanguage,mclanguage,forge- -Djava.net.preferIPv6Addresses=system -DlegacyClassPath.file=D:\MC\tdogmc_mod\tdogmc_voice\build\classpath\runGameTestServer_minecraftClasspath.txt -DmergeModules=jna-5.10.0.jar,jna-platform-5.10.0.jar --module-path=C:\Users\61530\.gradle\caches\modules-2\files-2.1\cpw.mods\bootstraplauncher\1.1.2\c546e00443d8432cda6baa1c860346980742628\bootstraplauncher-1.1.2.jar;C:\Users\61530\.gradle\caches\modules-2\files-2.1\cpw.mods\securejarhandler\2.1.10\51e6a22c6c716beb11e244bf5b8be480f51dd6b5\securejarhandler-2.1.10.jar;C:\Users\61530\.gradle\caches\modules-2\files-2.1\org.ow2.asm\asm-commons\9.8\36e4d212970388e5bd2c5180292012502df461bb\asm-commons-9.8.jar;C:\Users\61530\.gradle\caches\modules-2\files-2.1\org.ow2.asm\asm-util\9.8\395f1c1f035258511f27bc9b2583d76e4b143f59\asm-util-9.8.jar;C:\Users\61530\.gradle\caches\modules-2\files-2.1\org.ow2.asm\asm-analysis\9.8\b9747a320844b6cb1eacd90d8ecfd260a16c01d3\asm-analysis-9.8.jar;C:\Users\61530\.gradle\caches\modules-2\files-2.1\org.ow2.asm\asm-tree\9.8\18419ca5b77a2f81097c741e7872e6ab8d2f40d\asm-tree-9.8.jar;C:\Users\61530\.gradle\caches\modules-2\files-2.1\org.ow2.asm\asm\9.8\dc19ecb3f7889b7860697215cae99c0f9b6f6b4b\asm-9.8.jar;C:\Users\61530\.gradle\caches\modules-2\files-2.1\net.minecraftforge\JarJarFileSystems\0.3.19\2464eb7d6b9ddb9db36a82cf8a95193e5c6fe020\JarJarFileSystems-0.3.19.jar --add-modules=ALL-MODULE-PATH --add-opens=java.base/java.util.jar=cpw.mods.securejarhandler --add-opens=java.base/java.lang.invoke=cpw.mods.securejarhandler --add-exports=java.base/sun.security.util=cpw.mods.securejarhandler --add-exports=jdk.naming.dns/com.sun.jndi.dns=java.naming -Dfile.encoding=UTF-8 -Duser.country=CN -Duser.language=zh -Duser.variant 
java_command: cpw.mods.bootstraplauncher.BootstrapLauncher --launchTarget forgegametestserveruserdev --gameDir . --fml.forgeVersion 47.4.9 --fml.mcVersion 1.20.1 --fml.forgeGroup net.minecraftforge --fml.mcpVersion 20230612.114412
java_class_path (initial): D:\MC\tdogmc_mod\tdogmc_voice\build\classes\java\main;D:\MC\tdogmc_mod\tdogmc_voice\build\resources\main;C:\Users\61530\.gradle\caches\forge_gradle\minecraft_user_repo\net\minecraftforge\forge\1.20.1-47.4.9_mapped_official_1.20.1\forge-1.20.1-47.4.9_mapped_official_1.20.1.jar;C:\Users\61530\.gradle\caches\forge_gradle\minecraft_repo\versions\1.20.1\client-extra.jar;C:\Users\61530\.gradle\caches\modules-2\files-2.1\net.minecraftforge\fmlearlydisplay\1.20.1-47.4.9\c3d19813cfb0c3829f29bfc6ffb70053d1d12322\fmlearlydisplay-1.20.1-47.4.9.jar;C:\Users\61530\.gradle\caches\modules-2\files-2.1\net.minecraftforge\javafmllanguage\1.20.1-47.4.9\6802c410879d06cd2c16ac24988dd5893293e21c\javafmllanguage-1.20.1-47.4.9.jar;C:\Users\61530\.gradle\caches\modules-2\files-2.1\net.minecraftforge\lowcodelanguage\1.20.1-47.4.9\1a098871d069f3cb2ed12f392f96f462902c0350\lowcodelanguage-1.20.1-47.4.9.jar;C:\Users\61530\.gradle\caches\modules-2\files-2.1\net.minecraftforge\mclanguage\1.20.1-47.4.9\5279b751da7297817db4fa9729e3f3c7bf03d594\mclanguage-1.20.1-47.4.9.jar;C:\Users\61530\.gradle\caches\modules-2\files-2.1\net.minecraftforge\fmlcore\1.20.1-47.4.9\f4f03c369d155fb551ebf908db260a0c5600c29b\fmlcore-1.20.1-47.4.9.jar;C:\Users\61530\.gradle\caches\modules-2\files-2.1\net.minecraftforge\fmlloader\1.20.1-47.4.9\38d7f52ad961101272fb9b2b21f7f0e065e95d98\fmlloader-1.20.1-47.4.9.jar;C:\Users\61530\.gradle\caches\modules-2\files-2.1\net.minecraftforge\JarJarSelector\0.3.19\376cc9c8ea60720cf027c01fc033de915699801c\JarJarSelector-0.3.19.jar;C:\Users\61530\.gradle\caches\modules-2\files-2.1\net.minecraftforge\JarJarMetadata\0.3.19\83feaa9b770e6ac0e96ee4fc23fa89325c5fe2\JarJarMetadata-0.3.19.jar;C:\Users\61530\.gradle\caches\modules-2\files-2.1\com.google.guava\guava\31.1-jre\60458f877d055d0c9114d9e1a2efb737b4bc282c\guava-31.1-jre.jar;C:\Users\61530\.gradle\caches\modules-2\files-2.1\com.google.code.findbugs\jsr305\3.0.2\25ea2e8b0c338a877313bd4672d3fe056ea78f0d\jsr305-3.0.2
Launcher Type: SUN_STANDARD

[Global flags]
     intx CICompilerCount                          = 12                                        {product} {ergonomic}
     uint ConcGCThreads                            = 4                                         {product} {ergonomic}
     uint G1ConcRefinementThreads                  = 15                                        {product} {ergonomic}
   size_t G1HeapRegionSize                         = 2097152                                   {product} {ergonomic}
    uintx GCDrainStackTargetSize                   = 64                                        {product} {ergonomic}
   size_t InitialHeapSize                          = 266338304                                 {product} {ergonomic}
   size_t MarkStackSize                            = 4194304                                   {product} {ergonomic}
   size_t MaxHeapSize                              = 4242538496                                {product} {ergonomic}
   size_t MaxNewSize                               = 2543845376                                {product} {ergonomic}
   size_t MinHeapDeltaBytes                        = 2097152                                   {product} {ergonomic}
   size_t MinHeapSize                              = 8388608                                   {product} {ergonomic}
    uintx NonNMethodCodeHeapSize                   = 7602480                                {pd product} {ergonomic}
    uintx NonProfiledCodeHeapSize                  = 122027880                              {pd product} {ergonomic}
    uintx ProfiledCodeHeapSize                     = 122027880                              {pd product} {ergonomic}
    uintx ReservedCodeCacheSize                    = 251658240                              {pd product} {ergonomic}
     bool SegmentedCodeCache                       = true                                      {product} {ergonomic}
   size_t SoftMaxHeapSize                          = 4242538496                             {manageable} {ergonomic}
     bool UseCompressedClassPointers               = true                           {product lp64_product} {ergonomic}
     bool UseCompressedOops                        = true                           {product lp64_product} {ergonomic}
     bool UseG1GC                                  = true                                      {product} {ergonomic}
     bool UseLargePagesIndividualAllocation        = false                                  {pd product} {ergonomic}

Logging:
Log output configuration:
 #0: stdout all=warning uptime,level,tags
 #1: stderr all=off uptime,level,tags

Environment Variables:
PATH=;;;C:\Program Files\ImageMagick-7.1.2-Q16-HDRI;C:\Program Files\Common Files\Oracle\Java\javapath;C:\Program Files (x86)\Common Files\Oracle\Java\java8path;C:\Program Files (x86)\Common Files\Oracle\Java\javapath;C:\WINDOWS\system32;C:\WINDOWS;C:\WINDOWS\System32\Wbem;C:\WINDOWS\System32\WindowsPowerShell\v1.0\;C:\WINDOWS\System32\OpenSSH\;C:\Program Files\dotnet\;C:\Program Files\Bandizip\;C:\Program Files\nodejs\;C:\Program Files\Git\cmd;C:\Program Files (x86)\Windows Kits\10\Windows Performance Toolkit\;C:\Program Files\NVIDIA Corporation\NVIDIA app\NvDLISR;C:\Program Files (x86)\NVIDIA Corporation\PhysX\Common;C:\Program Files (x86)\NoteBook FanControl\;C:\Program Files\php-8.2.29-Win32-vs16-x64;C:\ProgramData\ComposerSetup\bin;C:\Program Files\PowerShell\7\;C:\Program Files\NVIDIA Corporation\Nsight Compute 2025.2.0\;C:\Users\61530\AppData\Local\Programs\Python\Python310\Scripts\;C:\Users\61530\AppData\Local\Programs\Python\Python310\;C:\Users\61530\.cargo\bin;C:\Users\61530\AppData\Local\Microsoft\WindowsApps;C:\Users\61530\AppData\Local\Programs\Microsoft VS Code\bin;C:\Users\61530\AppData\Roaming\npm;D:\Program Files\cursor\resources\app\bin;C:\Users\61530\.dotnet\tools;D:\Program Files\JetBrains\IntelliJ IDEA Community Edition 2025.2\bin;C:\Users\61530\AppData\Roaming\Composer\vendor\bin
USERNAME=61530
OS=Windows_NT
PROCESSOR_IDENTIFIER=Intel64 Family 6 Model 186 Stepping 2, GenuineIntel



---------------  S Y S T E M  ---------------

OS:
 Windows 11 , 64 bit Build 26100 (10.0.26100.5074)
OS uptime: 5 days 21:43 hours
Hyper-V role detected

CPU: total 20 (initial active 20) (10 cores per cpu, 2 threads per core) family 6 model 186 stepping 2 microcode 0x410e, cx8, cmov, fxsr, ht, mmx, 3dnowpref, sse, sse2, sse3, ssse3, sse4.1, sse4.2, popcnt, lzcnt, tsc, tscinvbit, avx, avx2, aes, erms, clmul, bmi1, bmi2, adx, sha, fma, vzeroupper, clflush, clflushopt, clwb, hv

Memory: 4k page, system-wide physical 16176M (681M free)
TotalPageFile size 64800M (AvailPageFile size 396M)
current process WorkingSet (physical memory assigned to process): 842M, peak: 847M
current process commit charge ("private bytes"): 885M, peak: 1877M

vm_info: Java HotSpot(TM) 64-Bit Server VM (17.0.14+8-LTS-191) for windows-amd64 JRE (17.0.14+8-LTS-191), built on Dec  3 2024 11:07:59 by "mach5one" with MS VC++ 17.6 (VS2022)

END.
